{"/Users/davehickman/devwork/testing-sheet/components/Collapsible.tsx": {"path":"/Users/davehickman/devwork/testing-sheet/components/Collapsible.tsx","statementMap":{"0":{"start":{"line":11,"column":30},"end":{"line":11,"column":45}},"1":{"start":{"line":12,"column":16},"end":{"line":12,"column":43}},"2":{"start":{"line":14,"column":2},"end":{"line":32,"column":4}},"3":{"start":{"line":18,"column":23},"end":{"line":18,"column":51}},"4":{"start":{"line":18,"column":44},"end":{"line":18,"column":50}},"5":{"start":{"line":35,"column":15},"end":{"line":45,"column":2}}},"fnMap":{"0":{"name":"Collapsible","decl":{"start":{"line":10,"column":16},"end":{"line":10,"column":27}},"loc":{"start":{"line":10,"column":88},"end":{"line":33,"column":1}},"line":10},"1":{"name":"(anonymous_1)","decl":{"start":{"line":18,"column":17},"end":{"line":18,"column":18}},"loc":{"start":{"line":18,"column":23},"end":{"line":18,"column":51}},"line":18},"2":{"name":"(anonymous_2)","decl":{"start":{"line":18,"column":33},"end":{"line":18,"column":34}},"loc":{"start":{"line":18,"column":44},"end":{"line":18,"column":50}},"line":18}},"branchMap":{"0":{"loc":{"start":{"line":12,"column":16},"end":{"line":12,"column":43}},"type":"binary-expr","locations":[{"start":{"line":12,"column":16},"end":{"line":12,"column":32}},{"start":{"line":12,"column":36},"end":{"line":12,"column":43}}],"line":12},"1":{"loc":{"start":{"line":24,"column":17},"end":{"line":24,"column":73}},"type":"cond-expr","locations":[{"start":{"line":24,"column":37},"end":{"line":24,"column":54}},{"start":{"line":24,"column":57},"end":{"line":24,"column":73}}],"line":24},"2":{"loc":{"start":{"line":25,"column":41},"end":{"line":25,"column":66}},"type":"cond-expr","locations":[{"start":{"line":25,"column":50},"end":{"line":25,"column":57}},{"start":{"line":25,"column":60},"end":{"line":25,"column":66}}],"line":25},"3":{"loc":{"start":{"line":30,"column":7},"end":{"line":30,"column":75}},"type":"binary-expr","locations":[{"start":{"line":30,"column":7},"end":{"line":30,"column":13}},{"start":{"line":30,"column":17},"end":{"line":30,"column":75}}],"line":30}},"s":{"0":0,"1":0,"2":0,"3":0,"4":0,"5":0},"f":{"0":0,"1":0,"2":0},"b":{"0":[0,0],"1":[0,0],"2":[0,0],"3":[0,0]}}
,"/Users/davehickman/devwork/testing-sheet/components/CoursesMap.tsx": {"path":"/Users/davehickman/devwork/testing-sheet/components/CoursesMap.tsx","statementMap":{"0":{"start":{"line":18,"column":28},"end":{"line":18,"column":71}},"1":{"start":{"line":19,"column":0},"end":{"line":25,"column":1}},"2":{"start":{"line":20,"column":2},"end":{"line":20,"column":45}},"3":{"start":{"line":22,"column":2},"end":{"line":24,"column":4}},"4":{"start":{"line":27,"column":26},"end":{"line":27,"column":50}},"5":{"start":{"line":42,"column":32},"end":{"line":42,"column":58}},"6":{"start":{"line":43,"column":42},"end":{"line":46,"column":17}},"7":{"start":{"line":47,"column":32},"end":{"line":47,"column":46}},"8":{"start":{"line":48,"column":48},"end":{"line":48,"column":62}},"9":{"start":{"line":50,"column":2},"end":{"line":52,"column":9}},"10":{"start":{"line":51,"column":4},"end":{"line":51,"column":32}},"11":{"start":{"line":55,"column":2},"end":{"line":59,"column":38}},"12":{"start":{"line":56,"column":4},"end":{"line":58,"column":5}},"13":{"start":{"line":57,"column":6},"end":{"line":57,"column":21}},"14":{"start":{"line":61,"column":36},"end":{"line":80,"column":3}},"15":{"start":{"line":62,"column":4},"end":{"line":79,"column":5}},"16":{"start":{"line":63,"column":6},"end":{"line":63,"column":31}},"17":{"start":{"line":64,"column":25},"end":{"line":64,"column":75}},"18":{"start":{"line":65,"column":6},"end":{"line":74,"column":7}},"19":{"start":{"line":66,"column":25},"end":{"line":66,"column":67}},"20":{"start":{"line":67,"column":8},"end":{"line":70,"column":11}},"21":{"start":{"line":71,"column":8},"end":{"line":71,"column":59}},"22":{"start":{"line":73,"column":8},"end":{"line":73,"column":77}},"23":{"start":{"line":76,"column":6},"end":{"line":76,"column":52}},"24":{"start":{"line":78,"column":6},"end":{"line":78,"column":32}},"25":{"start":{"line":82,"column":23},"end":{"line":121,"column":3}},"26":{"start":{"line":83,"column":4},"end":{"line":120,"column":5}},"27":{"start":{"line":84,"column":6},"end":{"line":84,"column":23}},"28":{"start":{"line":86,"column":25},"end":{"line":86,"column":52}},"29":{"start":{"line":88,"column":6},"end":{"line":98,"column":7}},"30":{"start":{"line":89,"column":8},"end":{"line":89,"column":31}},"31":{"start":{"line":91,"column":8},"end":{"line":91,"column":40}},"32":{"start":{"line":92,"column":8},"end":{"line":92,"column":23}},"33":{"start":{"line":93,"column":8},"end":{"line":97,"column":10}},"34":{"start":{"line":100,"column":6},"end":{"line":100,"column":54}},"35":{"start":{"line":103,"column":25},"end":{"line":103,"column":54}},"36":{"start":{"line":104,"column":6},"end":{"line":114,"column":7}},"37":{"start":{"line":106,"column":8},"end":{"line":106,"column":95}},"38":{"start":{"line":107,"column":13},"end":{"line":114,"column":7}},"39":{"start":{"line":109,"column":8},"end":{"line":110,"column":99}},"40":{"start":{"line":113,"column":8},"end":{"line":113,"column":49}},"41":{"start":{"line":116,"column":6},"end":{"line":116,"column":41}},"42":{"start":{"line":117,"column":6},"end":{"line":117,"column":21}},"43":{"start":{"line":119,"column":6},"end":{"line":119,"column":24}},"44":{"start":{"line":123,"column":24},"end":{"line":145,"column":3}},"45":{"start":{"line":124,"column":4},"end":{"line":124,"column":42}},"46":{"start":{"line":127,"column":4},"end":{"line":144,"column":5}},"47":{"start":{"line":128,"column":22},"end":{"line":128,"column":39}},"48":{"start":{"line":129,"column":23},"end":{"line":129,"column":51}},"49":{"start":{"line":131,"column":6},"end":{"line":136,"column":7}},"50":{"start":{"line":132,"column":23},"end":{"line":132,"column":61}},"51":{"start":{"line":132,"column":43},"end":{"line":132,"column":60}},"52":{"start":{"line":133,"column":8},"end":{"line":135,"column":9}},"53":{"start":{"line":134,"column":10},"end":{"line":134,"column":32}},"54":{"start":{"line":137,"column":11},"end":{"line":144,"column":5}},"55":{"start":{"line":139,"column":23},"end":{"line":139,"column":31}},"56":{"start":{"line":140,"column":21},"end":{"line":140,"column":59}},"57":{"start":{"line":140,"column":41},"end":{"line":140,"column":58}},"58":{"start":{"line":141,"column":6},"end":{"line":143,"column":7}},"59":{"start":{"line":142,"column":8},"end":{"line":142,"column":30}},"60":{"start":{"line":147,"column":30},"end":{"line":182,"column":3}},"61":{"start":{"line":148,"column":4},"end":{"line":148,"column":66}},"62":{"start":{"line":149,"column":4},"end":{"line":181,"column":7}},"63":{"start":{"line":150,"column":26},"end":{"line":154,"column":14}},"64":{"start":{"line":156,"column":6},"end":{"line":159,"column":7}},"65":{"start":{"line":157,"column":8},"end":{"line":157,"column":63}},"66":{"start":{"line":158,"column":8},"end":{"line":158,"column":20}},"67":{"start":{"line":161,"column":6},"end":{"line":166,"column":8}},"68":{"start":{"line":168,"column":6},"end":{"line":180,"column":8}},"69":{"start":{"line":184,"column":2},"end":{"line":193,"column":3}},"70":{"start":{"line":185,"column":4},"end":{"line":192,"column":6}},"71":{"start":{"line":195,"column":2},"end":{"line":284,"column":4}},"72":{"start":{"line":214,"column":31},"end":{"line":218,"column":24}},"73":{"start":{"line":219,"column":16},"end":{"line":219,"column":39}},"74":{"start":{"line":221,"column":32},"end":{"line":235,"column":15}},"75":{"start":{"line":287,"column":15},"end":{"line":359,"column":2}}},"fnMap":{"0":{"name":"CoursesMap","decl":{"start":{"line":36,"column":24},"end":{"line":36,"column":34}},"loc":{"start":{"line":41,"column":20},"end":{"line":285,"column":1}},"line":41},"1":{"name":"(anonymous_1)","decl":{"start":{"line":50,"column":12},"end":{"line":50,"column":13}},"loc":{"start":{"line":50,"column":18},"end":{"line":52,"column":3}},"line":50},"2":{"name":"(anonymous_2)","decl":{"start":{"line":55,"column":12},"end":{"line":55,"column":13}},"loc":{"start":{"line":55,"column":18},"end":{"line":59,"column":3}},"line":55},"3":{"name":"(anonymous_3)","decl":{"start":{"line":61,"column":36},"end":{"line":61,"column":37}},"loc":{"start":{"line":61,"column":48},"end":{"line":80,"column":3}},"line":61},"4":{"name":"(anonymous_4)","decl":{"start":{"line":82,"column":23},"end":{"line":82,"column":24}},"loc":{"start":{"line":82,"column":35},"end":{"line":121,"column":3}},"line":82},"5":{"name":"(anonymous_5)","decl":{"start":{"line":123,"column":24},"end":{"line":123,"column":25}},"loc":{"start":{"line":123,"column":40},"end":{"line":145,"column":3}},"line":123},"6":{"name":"(anonymous_6)","decl":{"start":{"line":132,"column":36},"end":{"line":132,"column":37}},"loc":{"start":{"line":132,"column":43},"end":{"line":132,"column":60}},"line":132},"7":{"name":"(anonymous_7)","decl":{"start":{"line":140,"column":34},"end":{"line":140,"column":35}},"loc":{"start":{"line":140,"column":41},"end":{"line":140,"column":58}},"line":140},"8":{"name":"(anonymous_8)","decl":{"start":{"line":147,"column":30},"end":{"line":147,"column":31}},"loc":{"start":{"line":147,"column":36},"end":{"line":182,"column":3}},"line":147},"9":{"name":"(anonymous_9)","decl":{"start":{"line":149,"column":23},"end":{"line":149,"column":24}},"loc":{"start":{"line":149,"column":35},"end":{"line":181,"column":5}},"line":149},"10":{"name":"(anonymous_10)","decl":{"start":{"line":213,"column":22},"end":{"line":213,"column":23}},"loc":{"start":{"line":213,"column":34},"end":{"line":220,"column":15}},"line":213},"11":{"name":"(anonymous_11)","decl":{"start":{"line":221,"column":19},"end":{"line":221,"column":20}},"loc":{"start":{"line":221,"column":32},"end":{"line":235,"column":15}},"line":221}},"branchMap":{"0":{"loc":{"start":{"line":19,"column":0},"end":{"line":25,"column":1}},"type":"if","locations":[{"start":{"line":19,"column":0},"end":{"line":25,"column":1}},{"start":{"line":21,"column":7},"end":{"line":25,"column":1}}],"line":19},"1":{"loc":{"start":{"line":38,"column":2},"end":{"line":38,"column":27}},"type":"default-arg","locations":[{"start":{"line":38,"column":20},"end":{"line":38,"column":27}}],"line":38},"2":{"loc":{"start":{"line":39,"column":2},"end":{"line":39,"column":28}},"type":"default-arg","locations":[{"start":{"line":39,"column":21},"end":{"line":39,"column":28}}],"line":39},"3":{"loc":{"start":{"line":40,"column":2},"end":{"line":40,"column":18}},"type":"default-arg","locations":[{"start":{"line":40,"column":16},"end":{"line":40,"column":18}}],"line":40},"4":{"loc":{"start":{"line":56,"column":4},"end":{"line":58,"column":5}},"type":"if","locations":[{"start":{"line":56,"column":4},"end":{"line":58,"column":5}},{"start":{},"end":{}}],"line":56},"5":{"loc":{"start":{"line":65,"column":6},"end":{"line":74,"column":7}},"type":"if","locations":[{"start":{"line":65,"column":6},"end":{"line":74,"column":7}},{"start":{"line":72,"column":13},"end":{"line":74,"column":7}}],"line":65},"6":{"loc":{"start":{"line":88,"column":6},"end":{"line":98,"column":7}},"type":"if","locations":[{"start":{"line":88,"column":6},"end":{"line":98,"column":7}},{"start":{"line":90,"column":13},"end":{"line":98,"column":7}}],"line":88},"7":{"loc":{"start":{"line":88,"column":10},"end":{"line":88,"column":45}},"type":"binary-expr","locations":[{"start":{"line":88,"column":10},"end":{"line":88,"column":20}},{"start":{"line":88,"column":24},"end":{"line":88,"column":45}}],"line":88},"8":{"loc":{"start":{"line":104,"column":6},"end":{"line":114,"column":7}},"type":"if","locations":[{"start":{"line":104,"column":6},"end":{"line":114,"column":7}},{"start":{"line":107,"column":13},"end":{"line":114,"column":7}}],"line":104},"9":{"loc":{"start":{"line":107,"column":13},"end":{"line":114,"column":7}},"type":"if","locations":[{"start":{"line":107,"column":13},"end":{"line":114,"column":7}},{"start":{"line":111,"column":13},"end":{"line":114,"column":7}}],"line":107},"10":{"loc":{"start":{"line":127,"column":4},"end":{"line":144,"column":5}},"type":"if","locations":[{"start":{"line":127,"column":4},"end":{"line":144,"column":5}},{"start":{"line":137,"column":11},"end":{"line":144,"column":5}}],"line":127},"11":{"loc":{"start":{"line":127,"column":8},"end":{"line":127,"column":51}},"type":"binary-expr","locations":[{"start":{"line":127,"column":8},"end":{"line":127,"column":22}},{"start":{"line":127,"column":26},"end":{"line":127,"column":51}}],"line":127},"12":{"loc":{"start":{"line":131,"column":6},"end":{"line":136,"column":7}},"type":"if","locations":[{"start":{"line":131,"column":6},"end":{"line":136,"column":7}},{"start":{},"end":{}}],"line":131},"13":{"loc":{"start":{"line":133,"column":8},"end":{"line":135,"column":9}},"type":"if","locations":[{"start":{"line":133,"column":8},"end":{"line":135,"column":9}},{"start":{},"end":{}}],"line":133},"14":{"loc":{"start":{"line":133,"column":12},"end":{"line":133,"column":35}},"type":"binary-expr","locations":[{"start":{"line":133,"column":12},"end":{"line":133,"column":18}},{"start":{"line":133,"column":22},"end":{"line":133,"column":35}}],"line":133},"15":{"loc":{"start":{"line":137,"column":11},"end":{"line":144,"column":5}},"type":"if","locations":[{"start":{"line":137,"column":11},"end":{"line":144,"column":5}},{"start":{},"end":{}}],"line":137},"16":{"loc":{"start":{"line":141,"column":6},"end":{"line":143,"column":7}},"type":"if","locations":[{"start":{"line":141,"column":6},"end":{"line":143,"column":7}},{"start":{},"end":{}}],"line":141},"17":{"loc":{"start":{"line":141,"column":10},"end":{"line":141,"column":33}},"type":"binary-expr","locations":[{"start":{"line":141,"column":10},"end":{"line":141,"column":16}},{"start":{"line":141,"column":20},"end":{"line":141,"column":33}}],"line":141},"18":{"loc":{"start":{"line":150,"column":26},"end":{"line":154,"column":14}},"type":"cond-expr","locations":[{"start":{"line":151,"column":10},"end":{"line":151,"column":63}},{"start":{"line":152,"column":10},"end":{"line":154,"column":14}}],"line":150},"19":{"loc":{"start":{"line":152,"column":10},"end":{"line":154,"column":14}},"type":"cond-expr","locations":[{"start":{"line":153,"column":10},"end":{"line":153,"column":34}},{"start":{"line":154,"column":10},"end":{"line":154,"column":14}}],"line":152},"20":{"loc":{"start":{"line":152,"column":10},"end":{"line":152,"column":34}},"type":"binary-expr","locations":[{"start":{"line":152,"column":10},"end":{"line":152,"column":20}},{"start":{"line":152,"column":24},"end":{"line":152,"column":34}}],"line":152},"21":{"loc":{"start":{"line":156,"column":6},"end":{"line":159,"column":7}},"type":"if","locations":[{"start":{"line":156,"column":6},"end":{"line":159,"column":7}},{"start":{},"end":{}}],"line":156},"22":{"loc":{"start":{"line":184,"column":2},"end":{"line":193,"column":3}},"type":"if","locations":[{"start":{"line":184,"column":2},"end":{"line":193,"column":3}},{"start":{},"end":{}}],"line":184},"23":{"loc":{"start":{"line":184,"column":6},"end":{"line":184,"column":32}},"type":"binary-expr","locations":[{"start":{"line":184,"column":6},"end":{"line":184,"column":13}},{"start":{"line":184,"column":17},"end":{"line":184,"column":32}}],"line":184},"24":{"loc":{"start":{"line":189,"column":11},"end":{"line":189,"column":73}},"type":"cond-expr","locations":[{"start":{"line":189,"column":29},"end":{"line":189,"column":50}},{"start":{"line":189,"column":53},"end":{"line":189,"column":73}}],"line":189},"25":{"loc":{"start":{"line":200,"column":30},"end":{"line":202,"column":51}},"type":"cond-expr","locations":[{"start":{"line":201,"column":16},"end":{"line":201,"column":63}},{"start":{"line":202,"column":16},"end":{"line":202,"column":51}}],"line":200},"26":{"loc":{"start":{"line":214,"column":31},"end":{"line":218,"column":24}},"type":"cond-expr","locations":[{"start":{"line":215,"column":20},"end":{"line":215,"column":73}},{"start":{"line":216,"column":20},"end":{"line":218,"column":24}}],"line":214},"27":{"loc":{"start":{"line":216,"column":20},"end":{"line":218,"column":24}},"type":"cond-expr","locations":[{"start":{"line":217,"column":20},"end":{"line":217,"column":44}},{"start":{"line":218,"column":20},"end":{"line":218,"column":24}}],"line":216},"28":{"loc":{"start":{"line":216,"column":20},"end":{"line":216,"column":44}},"type":"binary-expr","locations":[{"start":{"line":216,"column":20},"end":{"line":216,"column":30}},{"start":{"line":216,"column":34},"end":{"line":216,"column":44}}],"line":216},"29":{"loc":{"start":{"line":225,"column":31},"end":{"line":227,"column":48}},"type":"cond-expr","locations":[{"start":{"line":226,"column":22},"end":{"line":226,"column":75}},{"start":{"line":227,"column":22},"end":{"line":227,"column":48}}],"line":225}},"s":{"0":0,"1":0,"2":0,"3":0,"4":0,"5":0,"6":0,"7":0,"8":0,"9":0,"10":0,"11":0,"12":0,"13":0,"14":0,"15":0,"16":0,"17":0,"18":0,"19":0,"20":0,"21":0,"22":0,"23":0,"24":0,"25":0,"26":0,"27":0,"28":0,"29":0,"30":0,"31":0,"32":0,"33":0,"34":0,"35":0,"36":0,"37":0,"38":0,"39":0,"40":0,"41":0,"42":0,"43":0,"44":0,"45":0,"46":0,"47":0,"48":0,"49":0,"50":0,"51":0,"52":0,"53":0,"54":0,"55":0,"56":0,"57":0,"58":0,"59":0,"60":0,"61":0,"62":0,"63":0,"64":0,"65":0,"66":0,"67":0,"68":0,"69":0,"70":0,"71":0,"72":0,"73":0,"74":0,"75":0},"f":{"0":0,"1":0,"2":0,"3":0,"4":0,"5":0,"6":0,"7":0,"8":0,"9":0,"10":0,"11":0},"b":{"0":[0,0],"1":[0],"2":[0],"3":[0],"4":[0,0],"5":[0,0],"6":[0,0],"7":[0,0],"8":[0,0],"9":[0,0],"10":[0,0],"11":[0,0],"12":[0,0],"13":[0,0],"14":[0,0],"15":[0,0],"16":[0,0],"17":[0,0],"18":[0,0],"19":[0,0],"20":[0,0],"21":[0,0],"22":[0,0],"23":[0,0],"24":[0,0],"25":[0,0],"26":[0,0],"27":[0,0],"28":[0,0],"29":[0,0]}}
,"/Users/davehickman/devwork/testing-sheet/components/Filters.tsx": {"path":"/Users/davehickman/devwork/testing-sheet/components/Filters.tsx","statementMap":{"0":{"start":{"line":37,"column":54},"end":{"line":37,"column":69}},"1":{"start":{"line":38,"column":62},"end":{"line":38,"column":77}},"2":{"start":{"line":39,"column":62},"end":{"line":39,"column":77}},"3":{"start":{"line":41,"column":32},"end":{"line":43,"column":3}},"4":{"start":{"line":42,"column":4},"end":{"line":42,"column":33}},"5":{"start":{"line":45,"column":31},"end":{"line":47,"column":3}},"6":{"start":{"line":46,"column":4},"end":{"line":46,"column":34}},"7":{"start":{"line":49,"column":31},"end":{"line":51,"column":3}},"8":{"start":{"line":50,"column":4},"end":{"line":50,"column":31}},"9":{"start":{"line":53,"column":21},"end":{"line":68,"column":3}},"10":{"start":{"line":54,"column":18},"end":{"line":54,"column":28}},"11":{"start":{"line":55,"column":21},"end":{"line":55,"column":36}},"12":{"start":{"line":56,"column":4},"end":{"line":56,"column":42}},"13":{"start":{"line":58,"column":4},"end":{"line":67,"column":5}},"14":{"start":{"line":59,"column":6},"end":{"line":59,"column":21}},"15":{"start":{"line":60,"column":11},"end":{"line":67,"column":5}},"16":{"start":{"line":61,"column":6},"end":{"line":61,"column":24}},"17":{"start":{"line":63,"column":6},"end":{"line":66,"column":9}},"18":{"start":{"line":70,"column":33},"end":{"line":104,"column":3}},"19":{"start":{"line":72,"column":18},"end":{"line":72,"column":28}},"20":{"start":{"line":73,"column":32},"end":{"line":73,"column":47}},"21":{"start":{"line":74,"column":4},"end":{"line":74,"column":54}},"22":{"start":{"line":77,"column":6},"end":{"line":79,"column":42}},"23":{"start":{"line":81,"column":4},"end":{"line":83,"column":5}},"24":{"start":{"line":82,"column":6},"end":{"line":82,"column":20}},"25":{"start":{"line":85,"column":18},"end":{"line":85,"column":49}},"26":{"start":{"line":86,"column":16},"end":{"line":86,"column":45}},"27":{"start":{"line":88,"column":4},"end":{"line":90,"column":5}},"28":{"start":{"line":89,"column":6},"end":{"line":89,"column":19}},"29":{"start":{"line":93,"column":21},"end":{"line":96,"column":5}},"30":{"start":{"line":98,"column":4},"end":{"line":100,"column":5}},"31":{"start":{"line":99,"column":6},"end":{"line":99,"column":33}},"32":{"start":{"line":103,"column":4},"end":{"line":103,"column":31}},"33":{"start":{"line":106,"column":29},"end":{"line":117,"column":3}},"34":{"start":{"line":107,"column":18},"end":{"line":107,"column":28}},"35":{"start":{"line":108,"column":32},"end":{"line":108,"column":47}},"36":{"start":{"line":109,"column":4},"end":{"line":109,"column":54}},"37":{"start":{"line":112,"column":4},"end":{"line":116,"column":6}},"38":{"start":{"line":119,"column":2},"end":{"line":214,"column":4}},"39":{"start":{"line":128,"column":25},"end":{"line":128,"column":56}},"40":{"start":{"line":159,"column":25},"end":{"line":159,"column":52}},"41":{"start":{"line":180,"column":25},"end":{"line":180,"column":56}},"42":{"start":{"line":195,"column":23},"end":{"line":195,"column":55}},"43":{"start":{"line":202,"column":23},"end":{"line":202,"column":51}},"44":{"start":{"line":209,"column":23},"end":{"line":209,"column":55}},"45":{"start":{"line":217,"column":15},"end":{"line":266,"column":2}}},"fnMap":{"0":{"name":"Filters","decl":{"start":{"line":29,"column":24},"end":{"line":29,"column":31}},"loc":{"start":{"line":36,"column":17},"end":{"line":215,"column":1}},"line":36},"1":{"name":"(anonymous_1)","decl":{"start":{"line":41,"column":32},"end":{"line":41,"column":33}},"loc":{"start":{"line":41,"column":58},"end":{"line":43,"column":3}},"line":41},"2":{"name":"(anonymous_2)","decl":{"start":{"line":45,"column":31},"end":{"line":45,"column":32}},"loc":{"start":{"line":45,"column":56},"end":{"line":47,"column":3}},"line":45},"3":{"name":"(anonymous_3)","decl":{"start":{"line":49,"column":31},"end":{"line":49,"column":32}},"loc":{"start":{"line":49,"column":61},"end":{"line":51,"column":3}},"line":49},"4":{"name":"(anonymous_4)","decl":{"start":{"line":53,"column":21},"end":{"line":53,"column":22}},"loc":{"start":{"line":53,"column":37},"end":{"line":68,"column":3}},"line":53},"5":{"name":"(anonymous_5)","decl":{"start":{"line":70,"column":33},"end":{"line":70,"column":34}},"loc":{"start":{"line":70,"column":59},"end":{"line":104,"column":3}},"line":70},"6":{"name":"(anonymous_6)","decl":{"start":{"line":106,"column":29},"end":{"line":106,"column":30}},"loc":{"start":{"line":106,"column":35},"end":{"line":117,"column":3}},"line":106},"7":{"name":"(anonymous_7)","decl":{"start":{"line":128,"column":19},"end":{"line":128,"column":20}},"loc":{"start":{"line":128,"column":25},"end":{"line":128,"column":56}},"line":128},"8":{"name":"(anonymous_8)","decl":{"start":{"line":159,"column":19},"end":{"line":159,"column":20}},"loc":{"start":{"line":159,"column":25},"end":{"line":159,"column":52}},"line":159},"9":{"name":"(anonymous_9)","decl":{"start":{"line":180,"column":19},"end":{"line":180,"column":20}},"loc":{"start":{"line":180,"column":25},"end":{"line":180,"column":56}},"line":180},"10":{"name":"(anonymous_10)","decl":{"start":{"line":195,"column":17},"end":{"line":195,"column":18}},"loc":{"start":{"line":195,"column":23},"end":{"line":195,"column":55}},"line":195},"11":{"name":"(anonymous_11)","decl":{"start":{"line":202,"column":17},"end":{"line":202,"column":18}},"loc":{"start":{"line":202,"column":23},"end":{"line":202,"column":51}},"line":202},"12":{"name":"(anonymous_12)","decl":{"start":{"line":209,"column":17},"end":{"line":209,"column":18}},"loc":{"start":{"line":209,"column":23},"end":{"line":209,"column":55}},"line":209}},"branchMap":{"0":{"loc":{"start":{"line":58,"column":4},"end":{"line":67,"column":5}},"type":"if","locations":[{"start":{"line":58,"column":4},"end":{"line":67,"column":5}},{"start":{"line":60,"column":11},"end":{"line":67,"column":5}}],"line":58},"1":{"loc":{"start":{"line":60,"column":11},"end":{"line":67,"column":5}},"type":"if","locations":[{"start":{"line":60,"column":11},"end":{"line":67,"column":5}},{"start":{"line":62,"column":11},"end":{"line":67,"column":5}}],"line":60},"2":{"loc":{"start":{"line":77,"column":6},"end":{"line":79,"column":42}},"type":"binary-expr","locations":[{"start":{"line":77,"column":6},"end":{"line":77,"column":73}},{"start":{"line":78,"column":6},"end":{"line":79,"column":42}}],"line":77},"3":{"loc":{"start":{"line":81,"column":4},"end":{"line":83,"column":5}},"type":"if","locations":[{"start":{"line":81,"column":4},"end":{"line":83,"column":5}},{"start":{},"end":{}}],"line":81},"4":{"loc":{"start":{"line":88,"column":4},"end":{"line":90,"column":5}},"type":"if","locations":[{"start":{"line":88,"column":4},"end":{"line":90,"column":5}},{"start":{},"end":{}}],"line":88},"5":{"loc":{"start":{"line":98,"column":4},"end":{"line":100,"column":5}},"type":"if","locations":[{"start":{"line":98,"column":4},"end":{"line":100,"column":5}},{"start":{},"end":{}}],"line":98},"6":{"loc":{"start":{"line":113,"column":6},"end":{"line":115,"column":42}},"type":"binary-expr","locations":[{"start":{"line":113,"column":6},"end":{"line":113,"column":73}},{"start":{"line":114,"column":6},"end":{"line":115,"column":42}}],"line":113},"7":{"loc":{"start":{"line":125,"column":12},"end":{"line":126,"column":39}},"type":"binary-expr","locations":[{"start":{"line":125,"column":12},"end":{"line":125,"column":54}},{"start":{"line":126,"column":14},"end":{"line":126,"column":39}}],"line":125},"8":{"loc":{"start":{"line":135,"column":16},"end":{"line":137,"column":39}},"type":"cond-expr","locations":[{"start":{"line":136,"column":20},"end":{"line":136,"column":40}},{"start":{"line":137,"column":20},"end":{"line":137,"column":39}}],"line":135},"9":{"loc":{"start":{"line":144,"column":16},"end":{"line":145,"column":47}},"type":"binary-expr","locations":[{"start":{"line":144,"column":16},"end":{"line":144,"column":58}},{"start":{"line":145,"column":18},"end":{"line":145,"column":47}}],"line":144},"10":{"loc":{"start":{"line":149,"column":15},"end":{"line":149,"column":51}},"type":"binary-expr","locations":[{"start":{"line":149,"column":15},"end":{"line":149,"column":37}},{"start":{"line":149,"column":41},"end":{"line":149,"column":51}}],"line":149},"11":{"loc":{"start":{"line":157,"column":12},"end":{"line":157,"column":61}},"type":"binary-expr","locations":[{"start":{"line":157,"column":12},"end":{"line":157,"column":32}},{"start":{"line":157,"column":36},"end":{"line":157,"column":61}}],"line":157},"12":{"loc":{"start":{"line":165,"column":16},"end":{"line":165,"column":69}},"type":"binary-expr","locations":[{"start":{"line":165,"column":16},"end":{"line":165,"column":36}},{"start":{"line":165,"column":40},"end":{"line":165,"column":69}}],"line":165},"13":{"loc":{"start":{"line":178,"column":12},"end":{"line":178,"column":56}},"type":"binary-expr","locations":[{"start":{"line":178,"column":12},"end":{"line":178,"column":27}},{"start":{"line":178,"column":31},"end":{"line":178,"column":56}}],"line":178},"14":{"loc":{"start":{"line":185,"column":14},"end":{"line":185,"column":62}},"type":"binary-expr","locations":[{"start":{"line":185,"column":14},"end":{"line":185,"column":29}},{"start":{"line":185,"column":33},"end":{"line":185,"column":62}}],"line":185},"15":{"loc":{"start":{"line":188,"column":13},"end":{"line":188,"column":59}},"type":"cond-expr","locations":[{"start":{"line":188,"column":31},"end":{"line":188,"column":41}},{"start":{"line":188,"column":44},"end":{"line":188,"column":59}}],"line":188}},"s":{"0":0,"1":0,"2":0,"3":0,"4":0,"5":0,"6":0,"7":0,"8":0,"9":0,"10":0,"11":0,"12":0,"13":0,"14":0,"15":0,"16":0,"17":0,"18":0,"19":0,"20":0,"21":0,"22":0,"23":0,"24":0,"25":0,"26":0,"27":0,"28":0,"29":0,"30":0,"31":0,"32":0,"33":0,"34":0,"35":0,"36":0,"37":0,"38":0,"39":0,"40":0,"41":0,"42":0,"43":0,"44":0,"45":0},"f":{"0":0,"1":0,"2":0,"3":0,"4":0,"5":0,"6":0,"7":0,"8":0,"9":0,"10":0,"11":0,"12":0},"b":{"0":[0,0],"1":[0,0],"2":[0,0],"3":[0,0],"4":[0,0],"5":[0,0],"6":[0,0],"7":[0,0],"8":[0,0],"9":[0,0],"10":[0,0],"11":[0,0],"12":[0,0],"13":[0,0],"14":[0,0],"15":[0,0]}}
,"/Users/davehickman/devwork/testing-sheet/components/GameListingDummy.tsx": {"path":"/Users/davehickman/devwork/testing-sheet/components/GameListingDummy.tsx","statementMap":{"0":{"start":{"line":5,"column":2},"end":{"line":127,"column":4}},"1":{"start":{"line":130,"column":19},"end":{"line":165,"column":1}},"2":{"start":{"line":131,"column":2},"end":{"line":164,"column":4}}},"fnMap":{"0":{"name":"GameListingDummy","decl":{"start":{"line":4,"column":24},"end":{"line":4,"column":40}},"loc":{"start":{"line":4,"column":66},"end":{"line":128,"column":1}},"line":4},"1":{"name":"(anonymous_1)","decl":{"start":{"line":130,"column":19},"end":{"line":130,"column":20}},"loc":{"start":{"line":130,"column":82},"end":{"line":165,"column":1}},"line":130}},"branchMap":{"0":{"loc":{"start":{"line":51,"column":12},"end":{"line":51,"column":74}},"type":"cond-expr","locations":[{"start":{"line":51,"column":53},"end":{"line":51,"column":62}},{"start":{"line":51,"column":65},"end":{"line":51,"column":74}}],"line":51},"1":{"loc":{"start":{"line":53,"column":12},"end":{"line":53,"column":74}},"type":"cond-expr","locations":[{"start":{"line":53,"column":53},"end":{"line":53,"column":62}},{"start":{"line":53,"column":65},"end":{"line":53,"column":74}}],"line":53},"2":{"loc":{"start":{"line":130,"column":30},"end":{"line":130,"column":39}},"type":"default-arg","locations":[{"start":{"line":130,"column":37},"end":{"line":130,"column":39}}],"line":130},"3":{"loc":{"start":{"line":133,"column":7},"end":{"line":155,"column":7}},"type":"cond-expr","locations":[{"start":{"line":134,"column":8},"end":{"line":142,"column":10}},{"start":{"line":144,"column":8},"end":{"line":154,"column":10}}],"line":133},"4":{"loc":{"start":{"line":158,"column":17},"end":{"line":158,"column":69}},"type":"cond-expr","locations":[{"start":{"line":158,"column":26},"end":{"line":158,"column":45}},{"start":{"line":158,"column":48},"end":{"line":158,"column":69}}],"line":158},"5":{"loc":{"start":{"line":161,"column":9},"end":{"line":161,"column":31}},"type":"cond-expr","locations":[{"start":{"line":161,"column":18},"end":{"line":161,"column":22}},{"start":{"line":161,"column":25},"end":{"line":161,"column":31}}],"line":161}},"s":{"0":0,"1":0,"2":0},"f":{"0":0,"1":0},"b":{"0":[0,0],"1":[0,0],"2":[0],"3":[0,0],"4":[0,0],"5":[0,0]}}
,"/Users/davehickman/devwork/testing-sheet/components/HapticTab.tsx": {"path":"/Users/davehickman/devwork/testing-sheet/components/HapticTab.tsx","statementMap":{"0":{"start":{"line":6,"column":2},"end":{"line":17,"column":4}},"1":{"start":{"line":10,"column":8},"end":{"line":13,"column":9}},"2":{"start":{"line":12,"column":10},"end":{"line":12,"column":65}},"3":{"start":{"line":14,"column":8},"end":{"line":14,"column":30}}},"fnMap":{"0":{"name":"HapticTab","decl":{"start":{"line":5,"column":16},"end":{"line":5,"column":25}},"loc":{"start":{"line":5,"column":58},"end":{"line":18,"column":1}},"line":5},"1":{"name":"(anonymous_1)","decl":{"start":{"line":9,"column":17},"end":{"line":9,"column":18}},"loc":{"start":{"line":9,"column":25},"end":{"line":15,"column":7}},"line":9}},"branchMap":{"0":{"loc":{"start":{"line":10,"column":8},"end":{"line":13,"column":9}},"type":"if","locations":[{"start":{"line":10,"column":8},"end":{"line":13,"column":9}},{"start":{},"end":{}}],"line":10}},"s":{"0":0,"1":0,"2":0,"3":0},"f":{"0":0,"1":0},"b":{"0":[0,0]}}
,"/Users/davehickman/devwork/testing-sheet/components/HelloWave.tsx": {"path":"/Users/davehickman/devwork/testing-sheet/components/HelloWave.tsx","statementMap":{"0":{"start":{"line":14,"column":28},"end":{"line":14,"column":45}},"1":{"start":{"line":16,"column":2},"end":{"line":21,"column":9}},"2":{"start":{"line":17,"column":4},"end":{"line":20,"column":6}},"3":{"start":{"line":23,"column":24},"end":{"line":25,"column":5}},"4":{"start":{"line":23,"column":48},"end":{"line":25,"column":3}},"5":{"start":{"line":27,"column":2},"end":{"line":31,"column":4}},"6":{"start":{"line":34,"column":15},"end":{"line":40,"column":2}}},"fnMap":{"0":{"name":"HelloWave","decl":{"start":{"line":13,"column":16},"end":{"line":13,"column":25}},"loc":{"start":{"line":13,"column":28},"end":{"line":32,"column":1}},"line":13},"1":{"name":"(anonymous_1)","decl":{"start":{"line":16,"column":12},"end":{"line":16,"column":13}},"loc":{"start":{"line":16,"column":18},"end":{"line":21,"column":3}},"line":16},"2":{"name":"(anonymous_2)","decl":{"start":{"line":23,"column":41},"end":{"line":23,"column":42}},"loc":{"start":{"line":23,"column":48},"end":{"line":25,"column":3}},"line":23}},"branchMap":{},"s":{"0":0,"1":0,"2":0,"3":0,"4":0,"5":0,"6":0},"f":{"0":0,"1":0,"2":0},"b":{}}
,"/Users/davehickman/devwork/testing-sheet/components/ParallaxScrollView.tsx": {"path":"/Users/davehickman/devwork/testing-sheet/components/ParallaxScrollView.tsx","statementMap":{"0":{"start":{"line":14,"column":22},"end":{"line":14,"column":25}},"1":{"start":{"line":26,"column":22},"end":{"line":26,"column":49}},"2":{"start":{"line":27,"column":20},"end":{"line":27,"column":57}},"3":{"start":{"line":28,"column":23},"end":{"line":28,"column":53}},"4":{"start":{"line":29,"column":17},"end":{"line":29,"column":39}},"5":{"start":{"line":30,"column":30},"end":{"line":45,"column":4}},"6":{"start":{"line":31,"column":4},"end":{"line":44,"column":6}},"7":{"start":{"line":47,"column":2},"end":{"line":65,"column":4}},"8":{"start":{"line":68,"column":15},"end":{"line":82,"column":2}}},"fnMap":{"0":{"name":"ParallaxScrollView","decl":{"start":{"line":21,"column":24},"end":{"line":21,"column":42}},"loc":{"start":{"line":25,"column":10},"end":{"line":66,"column":1}},"line":25},"1":{"name":"(anonymous_1)","decl":{"start":{"line":30,"column":47},"end":{"line":30,"column":48}},"loc":{"start":{"line":30,"column":53},"end":{"line":45,"column":3}},"line":30}},"branchMap":{"0":{"loc":{"start":{"line":26,"column":22},"end":{"line":26,"column":49}},"type":"binary-expr","locations":[{"start":{"line":26,"column":22},"end":{"line":26,"column":38}},{"start":{"line":26,"column":42},"end":{"line":26,"column":49}}],"line":26}},"s":{"0":0,"1":0,"2":0,"3":0,"4":0,"5":0,"6":0,"7":0,"8":0},"f":{"0":0,"1":0},"b":{"0":[0,0]}}
,"/Users/davehickman/devwork/testing-sheet/components/ThemedText.tsx": {"path":"/Users/davehickman/devwork/testing-sheet/components/ThemedText.tsx","statementMap":{"0":{"start":{"line":18,"column":16},"end":{"line":18,"column":77}},"1":{"start":{"line":20,"column":2},"end":{"line":33,"column":4}},"2":{"start":{"line":36,"column":15},"end":{"line":60,"column":2}}},"fnMap":{"0":{"name":"ThemedText","decl":{"start":{"line":11,"column":16},"end":{"line":11,"column":26}},"loc":{"start":{"line":17,"column":20},"end":{"line":34,"column":1}},"line":17}},"branchMap":{"0":{"loc":{"start":{"line":15,"column":2},"end":{"line":15,"column":18}},"type":"default-arg","locations":[{"start":{"line":15,"column":9},"end":{"line":15,"column":18}}],"line":15},"1":{"loc":{"start":{"line":24,"column":8},"end":{"line":24,"column":55}},"type":"cond-expr","locations":[{"start":{"line":24,"column":29},"end":{"line":24,"column":43}},{"start":{"line":24,"column":46},"end":{"line":24,"column":55}}],"line":24},"2":{"loc":{"start":{"line":25,"column":8},"end":{"line":25,"column":51}},"type":"cond-expr","locations":[{"start":{"line":25,"column":27},"end":{"line":25,"column":39}},{"start":{"line":25,"column":42},"end":{"line":25,"column":51}}],"line":25},"3":{"loc":{"start":{"line":26,"column":8},"end":{"line":26,"column":71}},"type":"cond-expr","locations":[{"start":{"line":26,"column":37},"end":{"line":26,"column":59}},{"start":{"line":26,"column":62},"end":{"line":26,"column":71}}],"line":26},"4":{"loc":{"start":{"line":27,"column":8},"end":{"line":27,"column":57}},"type":"cond-expr","locations":[{"start":{"line":27,"column":30},"end":{"line":27,"column":45}},{"start":{"line":27,"column":48},"end":{"line":27,"column":57}}],"line":27},"5":{"loc":{"start":{"line":28,"column":8},"end":{"line":28,"column":49}},"type":"cond-expr","locations":[{"start":{"line":28,"column":26},"end":{"line":28,"column":37}},{"start":{"line":28,"column":40},"end":{"line":28,"column":49}}],"line":28}},"s":{"0":0,"1":0,"2":1},"f":{"0":0},"b":{"0":[0],"1":[0,0],"2":[0,0],"3":[0,0],"4":[0,0],"5":[0,0]},"_coverageSchema":"1a1c01bbd47fc00a2c39e90264f33305004495a9","hash":"e200560ffce367afcace968ed229451f05c2e4b7"}
,"/Users/davehickman/devwork/testing-sheet/components/ThemedView.tsx": {"path":"/Users/davehickman/devwork/testing-sheet/components/ThemedView.tsx","statementMap":{"0":{"start":{"line":11,"column":26},"end":{"line":11,"column":93}},"1":{"start":{"line":13,"column":2},"end":{"line":13,"column":71}}},"fnMap":{"0":{"name":"ThemedView","decl":{"start":{"line":10,"column":16},"end":{"line":10,"column":26}},"loc":{"start":{"line":10,"column":93},"end":{"line":14,"column":1}},"line":10}},"branchMap":{},"s":{"0":0,"1":0},"f":{"0":0},"b":{}}
,"/Users/davehickman/devwork/testing-sheet/components/game/GameBottomActions.tsx": {"path":"/Users/davehickman/devwork/testing-sheet/components/game/GameBottomActions.tsx","statementMap":{"0":{"start":{"line":22,"column":67},"end":{"line":179,"column":1}},"1":{"start":{"line":35,"column":2},"end":{"line":37,"column":3}},"2":{"start":{"line":36,"column":4},"end":{"line":36,"column":16}},"3":{"start":{"line":39,"column":29},"end":{"line":43,"column":3}},"4":{"start":{"line":40,"column":4},"end":{"line":42,"column":5}},"5":{"start":{"line":41,"column":6},"end":{"line":41,"column":64}},"6":{"start":{"line":46,"column":2},"end":{"line":57,"column":3}},"7":{"start":{"line":47,"column":4},"end":{"line":56,"column":6}},"8":{"start":{"line":61,"column":4},"end":{"line":61,"column":74}},"9":{"start":{"line":63,"column":2},"end":{"line":88,"column":3}},"10":{"start":{"line":64,"column":4},"end":{"line":87,"column":6}},"11":{"start":{"line":91,"column":36},"end":{"line":91,"column":75}},"12":{"start":{"line":93,"column":2},"end":{"line":118,"column":3}},"13":{"start":{"line":94,"column":4},"end":{"line":117,"column":6}},"14":{"start":{"line":122,"column":4},"end":{"line":126,"column":25}},"15":{"start":{"line":128,"column":2},"end":{"line":139,"column":3}},"16":{"start":{"line":129,"column":4},"end":{"line":138,"column":6}},"17":{"start":{"line":142,"column":2},"end":{"line":158,"column":3}},"18":{"start":{"line":148,"column":4},"end":{"line":157,"column":6}},"19":{"start":{"line":161,"column":2},"end":{"line":176,"column":3}},"20":{"start":{"line":166,"column":4},"end":{"line":175,"column":6}},"21":{"start":{"line":178,"column":2},"end":{"line":178,"column":14}},"22":{"start":{"line":181,"column":15},"end":{"line":216,"column":2}}},"fnMap":{"0":{"name":"(anonymous_0)","decl":{"start":{"line":22,"column":67},"end":{"line":22,"column":68}},"loc":{"start":{"line":33,"column":6},"end":{"line":179,"column":1}},"line":33},"1":{"name":"(anonymous_1)","decl":{"start":{"line":39,"column":29},"end":{"line":39,"column":30}},"loc":{"start":{"line":39,"column":35},"end":{"line":43,"column":3}},"line":39}},"branchMap":{"0":{"loc":{"start":{"line":32,"column":2},"end":{"line":32,"column":28}},"type":"default-arg","locations":[{"start":{"line":32,"column":23},"end":{"line":32,"column":28}}],"line":32},"1":{"loc":{"start":{"line":35,"column":2},"end":{"line":37,"column":3}},"type":"if","locations":[{"start":{"line":35,"column":2},"end":{"line":37,"column":3}},{"start":{},"end":{}}],"line":35},"2":{"loc":{"start":{"line":40,"column":4},"end":{"line":42,"column":5}},"type":"if","locations":[{"start":{"line":40,"column":4},"end":{"line":42,"column":5}},{"start":{},"end":{}}],"line":40},"3":{"loc":{"start":{"line":46,"column":2},"end":{"line":57,"column":3}},"type":"if","locations":[{"start":{"line":46,"column":2},"end":{"line":57,"column":3}},{"start":{},"end":{}}],"line":46},"4":{"loc":{"start":{"line":61,"column":4},"end":{"line":61,"column":74}},"type":"binary-expr","locations":[{"start":{"line":61,"column":4},"end":{"line":61,"column":15}},{"start":{"line":61,"column":19},"end":{"line":61,"column":50}},{"start":{"line":61,"column":54},"end":{"line":61,"column":74}}],"line":61},"5":{"loc":{"start":{"line":63,"column":2},"end":{"line":88,"column":3}},"type":"if","locations":[{"start":{"line":63,"column":2},"end":{"line":88,"column":3}},{"start":{},"end":{}}],"line":63},"6":{"loc":{"start":{"line":73,"column":9},"end":{"line":85,"column":9}},"type":"binary-expr","locations":[{"start":{"line":73,"column":9},"end":{"line":73,"column":30}},{"start":{"line":74,"column":10},"end":{"line":84,"column":17}}],"line":73},"7":{"loc":{"start":{"line":91,"column":36},"end":{"line":91,"column":75}},"type":"binary-expr","locations":[{"start":{"line":91,"column":36},"end":{"line":91,"column":48}},{"start":{"line":91,"column":52},"end":{"line":91,"column":75}}],"line":91},"8":{"loc":{"start":{"line":93,"column":2},"end":{"line":118,"column":3}},"type":"if","locations":[{"start":{"line":93,"column":2},"end":{"line":118,"column":3}},{"start":{},"end":{}}],"line":93},"9":{"loc":{"start":{"line":103,"column":9},"end":{"line":115,"column":9}},"type":"binary-expr","locations":[{"start":{"line":103,"column":9},"end":{"line":103,"column":30}},{"start":{"line":104,"column":10},"end":{"line":114,"column":17}}],"line":103},"10":{"loc":{"start":{"line":122,"column":4},"end":{"line":126,"column":25}},"type":"binary-expr","locations":[{"start":{"line":122,"column":5},"end":{"line":122,"column":36}},{"start":{"line":122,"column":40},"end":{"line":122,"column":63}},{"start":{"line":123,"column":5},"end":{"line":123,"column":43}},{"start":{"line":124,"column":6},"end":{"line":124,"column":45}},{"start":{"line":125,"column":4},"end":{"line":125,"column":41}},{"start":{"line":126,"column":4},"end":{"line":126,"column":25}}],"line":122},"11":{"loc":{"start":{"line":128,"column":2},"end":{"line":139,"column":3}},"type":"if","locations":[{"start":{"line":128,"column":2},"end":{"line":139,"column":3}},{"start":{},"end":{}}],"line":128},"12":{"loc":{"start":{"line":142,"column":2},"end":{"line":158,"column":3}},"type":"if","locations":[{"start":{"line":142,"column":2},"end":{"line":158,"column":3}},{"start":{},"end":{}}],"line":142},"13":{"loc":{"start":{"line":143,"column":4},"end":{"line":146,"column":41}},"type":"binary-expr","locations":[{"start":{"line":143,"column":4},"end":{"line":143,"column":15}},{"start":{"line":144,"column":4},"end":{"line":144,"column":27}},{"start":{"line":145,"column":4},"end":{"line":145,"column":26}},{"start":{"line":146,"column":4},"end":{"line":146,"column":41}}],"line":143},"14":{"loc":{"start":{"line":161,"column":2},"end":{"line":176,"column":3}},"type":"if","locations":[{"start":{"line":161,"column":2},"end":{"line":176,"column":3}},{"start":{},"end":{}}],"line":161},"15":{"loc":{"start":{"line":162,"column":4},"end":{"line":164,"column":41}},"type":"binary-expr","locations":[{"start":{"line":162,"column":4},"end":{"line":162,"column":31}},{"start":{"line":163,"column":4},"end":{"line":163,"column":26}},{"start":{"line":164,"column":4},"end":{"line":164,"column":41}}],"line":162}},"s":{"0":1,"1":21,"2":1,"3":20,"4":0,"5":0,"6":20,"7":3,"8":17,"9":17,"10":3,"11":14,"12":14,"13":4,"14":10,"15":10,"16":2,"17":8,"18":1,"19":7,"20":1,"21":6,"22":1},"f":{"0":21,"1":0},"b":{"0":[0],"1":[1,20],"2":[0,0],"3":[3,17],"4":[17,5,4],"5":[3,14],"6":[3,3],"7":[14,12],"8":[4,10],"9":[4,4],"10":[10,4,7,7,5,4],"11":[2,8],"12":[1,7],"13":[8,2,1,1],"14":[1,6],"15":[7,1,1]},"_coverageSchema":"1a1c01bbd47fc00a2c39e90264f33305004495a9","hash":"33b9b98872086b3b8ccb1e45f88f4144db363ef2"}
,"/Users/davehickman/devwork/testing-sheet/components/game/OrganizerView.tsx": {"path":"/Users/davehickman/devwork/testing-sheet/components/game/OrganizerView.tsx","statementMap":{"0":{"start":{"line":32,"column":59},"end":{"line":146,"column":1}},"1":{"start":{"line":44,"column":4},"end":{"line":44,"column":59}},"2":{"start":{"line":47,"column":4},"end":{"line":47,"column":58}},"3":{"start":{"line":50,"column":2},"end":{"line":64,"column":3}},"4":{"start":{"line":51,"column":4},"end":{"line":63,"column":6}},"5":{"start":{"line":56,"column":24},"end":{"line":56,"column":58}},"6":{"start":{"line":58,"column":36},"end":{"line":58,"column":77}},"7":{"start":{"line":59,"column":34},"end":{"line":59,"column":46}},"8":{"start":{"line":67,"column":2},"end":{"line":98,"column":3}},"9":{"start":{"line":68,"column":4},"end":{"line":97,"column":6}},"10":{"start":{"line":101,"column":2},"end":{"line":110,"column":3}},"11":{"start":{"line":102,"column":4},"end":{"line":109,"column":6}},"12":{"start":{"line":113,"column":2},"end":{"line":132,"column":3}},"13":{"start":{"line":114,"column":4},"end":{"line":131,"column":6}},"14":{"start":{"line":120,"column":12},"end":{"line":125,"column":14}},"15":{"start":{"line":122,"column":30},"end":{"line":122,"column":76}},"16":{"start":{"line":123,"column":31},"end":{"line":123,"column":77}},"17":{"start":{"line":124,"column":35},"end":{"line":124,"column":62}},"18":{"start":{"line":127,"column":34},"end":{"line":127,"column":46}},"19":{"start":{"line":135,"column":2},"end":{"line":145,"column":4}},"20":{"start":{"line":148,"column":15},"end":{"line":233,"column":2}}},"fnMap":{"0":{"name":"(anonymous_0)","decl":{"start":{"line":32,"column":59},"end":{"line":32,"column":60}},"loc":{"start":{"line":42,"column":6},"end":{"line":146,"column":1}},"line":42},"1":{"name":"(anonymous_1)","decl":{"start":{"line":56,"column":12},"end":{"line":56,"column":13}},"loc":{"start":{"line":56,"column":24},"end":{"line":56,"column":58}},"line":56},"2":{"name":"(anonymous_2)","decl":{"start":{"line":58,"column":22},"end":{"line":58,"column":23}},"loc":{"start":{"line":58,"column":36},"end":{"line":58,"column":77}},"line":58},"3":{"name":"(anonymous_3)","decl":{"start":{"line":59,"column":24},"end":{"line":59,"column":25}},"loc":{"start":{"line":59,"column":34},"end":{"line":59,"column":46}},"line":59},"4":{"name":"(anonymous_4)","decl":{"start":{"line":119,"column":22},"end":{"line":119,"column":23}},"loc":{"start":{"line":120,"column":12},"end":{"line":125,"column":14}},"line":120},"5":{"name":"(anonymous_5)","decl":{"start":{"line":122,"column":24},"end":{"line":122,"column":25}},"loc":{"start":{"line":122,"column":30},"end":{"line":122,"column":76}},"line":122},"6":{"name":"(anonymous_6)","decl":{"start":{"line":123,"column":25},"end":{"line":123,"column":26}},"loc":{"start":{"line":123,"column":31},"end":{"line":123,"column":77}},"line":123},"7":{"name":"(anonymous_7)","decl":{"start":{"line":124,"column":29},"end":{"line":124,"column":30}},"loc":{"start":{"line":124,"column":35},"end":{"line":124,"column":62}},"line":124},"8":{"name":"(anonymous_8)","decl":{"start":{"line":127,"column":24},"end":{"line":127,"column":25}},"loc":{"start":{"line":127,"column":34},"end":{"line":127,"column":46}},"line":127}},"branchMap":{"0":{"loc":{"start":{"line":44,"column":4},"end":{"line":44,"column":59}},"type":"binary-expr","locations":[{"start":{"line":44,"column":4},"end":{"line":44,"column":35}},{"start":{"line":44,"column":39},"end":{"line":44,"column":59}}],"line":44},"1":{"loc":{"start":{"line":47,"column":4},"end":{"line":47,"column":58}},"type":"binary-expr","locations":[{"start":{"line":47,"column":4},"end":{"line":47,"column":35}},{"start":{"line":47,"column":39},"end":{"line":47,"column":58}}],"line":47},"2":{"loc":{"start":{"line":50,"column":2},"end":{"line":64,"column":3}},"type":"if","locations":[{"start":{"line":50,"column":2},"end":{"line":64,"column":3}},{"start":{},"end":{}}],"line":50},"3":{"loc":{"start":{"line":50,"column":6},"end":{"line":50,"column":70}},"type":"binary-expr","locations":[{"start":{"line":50,"column":6},"end":{"line":50,"column":29}},{"start":{"line":50,"column":33},"end":{"line":50,"column":70}}],"line":50},"4":{"loc":{"start":{"line":67,"column":2},"end":{"line":98,"column":3}},"type":"if","locations":[{"start":{"line":67,"column":2},"end":{"line":98,"column":3}},{"start":{},"end":{}}],"line":67},"5":{"loc":{"start":{"line":101,"column":2},"end":{"line":110,"column":3}},"type":"if","locations":[{"start":{"line":101,"column":2},"end":{"line":110,"column":3}},{"start":{},"end":{}}],"line":101},"6":{"loc":{"start":{"line":113,"column":2},"end":{"line":132,"column":3}},"type":"if","locations":[{"start":{"line":113,"column":2},"end":{"line":132,"column":3}},{"start":{},"end":{}}],"line":113},"7":{"loc":{"start":{"line":138,"column":7},"end":{"line":143,"column":7}},"type":"binary-expr","locations":[{"start":{"line":138,"column":7},"end":{"line":138,"column":33}},{"start":{"line":139,"column":8},"end":{"line":142,"column":15}}],"line":138},"8":{"loc":{"start":{"line":141,"column":11},"end":{"line":141,"column":62}},"type":"cond-expr","locations":[{"start":{"line":141,"column":42},"end":{"line":141,"column":50}},{"start":{"line":141,"column":53},"end":{"line":141,"column":62}}],"line":141}},"s":{"0":0,"1":0,"2":0,"3":0,"4":0,"5":0,"6":0,"7":0,"8":0,"9":0,"10":0,"11":0,"12":0,"13":0,"14":0,"15":0,"16":0,"17":0,"18":0,"19":0,"20":0},"f":{"0":0,"1":0,"2":0,"3":0,"4":0,"5":0,"6":0,"7":0,"8":0},"b":{"0":[0,0],"1":[0,0],"2":[0,0],"3":[0,0],"4":[0,0],"5":[0,0],"6":[0,0],"7":[0,0],"8":[0,0]}}
,"/Users/davehickman/devwork/testing-sheet/components/game/PlayerView.tsx": {"path":"/Users/davehickman/devwork/testing-sheet/components/game/PlayerView.tsx","statementMap":{"0":{"start":{"line":16,"column":53},"end":{"line":181,"column":1}},"1":{"start":{"line":23,"column":2},"end":{"line":25,"column":3}},"2":{"start":{"line":24,"column":4},"end":{"line":24,"column":16}},"3":{"start":{"line":28,"column":2},"end":{"line":40,"column":3}},"4":{"start":{"line":29,"column":4},"end":{"line":39,"column":6}},"5":{"start":{"line":43,"column":2},"end":{"line":56,"column":3}},"6":{"start":{"line":44,"column":4},"end":{"line":55,"column":6}},"7":{"start":{"line":58,"column":2},"end":{"line":180,"column":4}},"8":{"start":{"line":183,"column":15},"end":{"line":251,"column":2}}},"fnMap":{"0":{"name":"(anonymous_0)","decl":{"start":{"line":16,"column":53},"end":{"line":16,"column":54}},"loc":{"start":{"line":21,"column":6},"end":{"line":181,"column":1}},"line":21}},"branchMap":{"0":{"loc":{"start":{"line":23,"column":2},"end":{"line":25,"column":3}},"type":"if","locations":[{"start":{"line":23,"column":2},"end":{"line":25,"column":3}},{"start":{},"end":{}}],"line":23},"1":{"loc":{"start":{"line":28,"column":2},"end":{"line":40,"column":3}},"type":"if","locations":[{"start":{"line":28,"column":2},"end":{"line":40,"column":3}},{"start":{},"end":{}}],"line":28},"2":{"loc":{"start":{"line":35,"column":13},"end":{"line":35,"column":69}},"type":"binary-expr","locations":[{"start":{"line":35,"column":13},"end":{"line":35,"column":28}},{"start":{"line":35,"column":32},"end":{"line":35,"column":69}}],"line":35},"3":{"loc":{"start":{"line":43,"column":2},"end":{"line":56,"column":3}},"type":"if","locations":[{"start":{"line":43,"column":2},"end":{"line":56,"column":3}},{"start":{},"end":{}}],"line":43},"4":{"loc":{"start":{"line":43,"column":6},"end":{"line":43,"column":64}},"type":"binary-expr","locations":[{"start":{"line":43,"column":6},"end":{"line":43,"column":33}},{"start":{"line":43,"column":37},"end":{"line":43,"column":64}}],"line":43},"5":{"loc":{"start":{"line":47,"column":11},"end":{"line":47,"column":76}},"type":"cond-expr","locations":[{"start":{"line":47,"column":41},"end":{"line":47,"column":57}},{"start":{"line":47,"column":60},"end":{"line":47,"column":76}}],"line":47},"6":{"loc":{"start":{"line":50,"column":11},"end":{"line":52,"column":45}},"type":"cond-expr","locations":[{"start":{"line":51,"column":14},"end":{"line":51,"column":42}},{"start":{"line":52,"column":14},"end":{"line":52,"column":45}}],"line":50},"7":{"loc":{"start":{"line":62,"column":7},"end":{"line":178,"column":7}},"type":"cond-expr","locations":[{"start":{"line":63,"column":8},"end":{"line":76,"column":15}},{"start":{"line":77,"column":10},"end":{"line":178,"column":7}}],"line":62},"8":{"loc":{"start":{"line":72,"column":13},"end":{"line":74,"column":80}},"type":"cond-expr","locations":[{"start":{"line":73,"column":16},"end":{"line":73,"column":76}},{"start":{"line":74,"column":16},"end":{"line":74,"column":80}}],"line":72},"9":{"loc":{"start":{"line":77,"column":10},"end":{"line":178,"column":7}},"type":"cond-expr","locations":[{"start":{"line":79,"column":8},"end":{"line":112,"column":15}},{"start":{"line":113,"column":10},"end":{"line":178,"column":7}}],"line":77},"10":{"loc":{"start":{"line":77,"column":10},"end":{"line":78,"column":47}},"type":"binary-expr","locations":[{"start":{"line":77,"column":10},"end":{"line":77,"column":48}},{"start":{"line":78,"column":8},"end":{"line":78,"column":47}}],"line":77},"11":{"loc":{"start":{"line":86,"column":11},"end":{"line":111,"column":11}},"type":"cond-expr","locations":[{"start":{"line":87,"column":12},"end":{"line":98,"column":15}},{"start":{"line":99,"column":14},"end":{"line":111,"column":11}}],"line":86},"12":{"loc":{"start":{"line":92,"column":15},"end":{"line":97,"column":15}},"type":"binary-expr","locations":[{"start":{"line":92,"column":15},"end":{"line":92,"column":41}},{"start":{"line":93,"column":16},"end":{"line":96,"column":23}}],"line":92},"13":{"loc":{"start":{"line":95,"column":19},"end":{"line":95,"column":70}},"type":"cond-expr","locations":[{"start":{"line":95,"column":50},"end":{"line":95,"column":58}},{"start":{"line":95,"column":61},"end":{"line":95,"column":70}}],"line":95},"14":{"loc":{"start":{"line":99,"column":14},"end":{"line":111,"column":11}},"type":"cond-expr","locations":[{"start":{"line":100,"column":12},"end":{"line":106,"column":15}},{"start":{"line":108,"column":12},"end":{"line":110,"column":15}}],"line":99},"15":{"loc":{"start":{"line":113,"column":10},"end":{"line":178,"column":7}},"type":"cond-expr","locations":[{"start":{"line":114,"column":8},"end":{"line":126,"column":15}},{"start":{"line":127,"column":10},"end":{"line":178,"column":7}}],"line":113},"16":{"loc":{"start":{"line":127,"column":10},"end":{"line":178,"column":7}},"type":"cond-expr","locations":[{"start":{"line":129,"column":8},"end":{"line":140,"column":15}},{"start":{"line":141,"column":10},"end":{"line":178,"column":7}}],"line":127},"17":{"loc":{"start":{"line":127,"column":10},"end":{"line":128,"column":51}},"type":"binary-expr","locations":[{"start":{"line":127,"column":10},"end":{"line":127,"column":44}},{"start":{"line":128,"column":8},"end":{"line":128,"column":51}}],"line":127},"18":{"loc":{"start":{"line":141,"column":10},"end":{"line":178,"column":7}},"type":"cond-expr","locations":[{"start":{"line":143,"column":8},"end":{"line":154,"column":15}},{"start":{"line":156,"column":8},"end":{"line":177,"column":15}}],"line":141},"19":{"loc":{"start":{"line":141,"column":10},"end":{"line":142,"column":40}},"type":"binary-expr","locations":[{"start":{"line":141,"column":10},"end":{"line":141,"column":41}},{"start":{"line":142,"column":8},"end":{"line":142,"column":40}}],"line":141},"20":{"loc":{"start":{"line":157,"column":11},"end":{"line":176,"column":11}},"type":"cond-expr","locations":[{"start":{"line":158,"column":12},"end":{"line":171,"column":15}},{"start":{"line":173,"column":12},"end":{"line":175,"column":19}}],"line":157},"21":{"loc":{"start":{"line":160,"column":17},"end":{"line":164,"column":58}},"type":"cond-expr","locations":[{"start":{"line":161,"column":20},"end":{"line":163,"column":22}},{"start":{"line":164,"column":20},"end":{"line":164,"column":58}}],"line":160},"22":{"loc":{"start":{"line":162,"column":22},"end":{"line":162,"column":73}},"type":"cond-expr","locations":[{"start":{"line":162,"column":53},"end":{"line":162,"column":61}},{"start":{"line":162,"column":64},"end":{"line":162,"column":73}}],"line":162},"23":{"loc":{"start":{"line":166,"column":15},"end":{"line":170,"column":15}},"type":"binary-expr","locations":[{"start":{"line":166,"column":15},"end":{"line":166,"column":41}},{"start":{"line":166,"column":45},"end":{"line":166,"column":61}},{"start":{"line":167,"column":16},"end":{"line":169,"column":23}}],"line":166}},"s":{"0":1,"1":22,"2":1,"3":21,"4":4,"5":17,"6":2,"7":15,"8":1},"f":{"0":22},"b":{"0":[1,21],"1":[4,17],"2":[4,1],"3":[2,15],"4":[17,16],"5":[1,1],"6":[1,1],"7":[2,13],"8":[1,1],"9":[3,10],"10":[13,13],"11":[2,1],"12":[2,2],"13":[1,1],"14":[1,0],"15":[1,9],"16":[1,8],"17":[9,7],"18":[2,6],"19":[8,2],"20":[6,0],"21":[5,1],"22":[4,1],"23":[6,5,4]},"_coverageSchema":"1a1c01bbd47fc00a2c39e90264f33305004495a9","hash":"087ff4390f5d75f2dd8063b40a70c7937c58d0ec"}
,"/Users/davehickman/devwork/testing-sheet/components/modals/BookingConfirmationModal.tsx": {"path":"/Users/davehickman/devwork/testing-sheet/components/modals/BookingConfirmationModal.tsx","statementMap":{"0":{"start":{"line":26,"column":4},"end":{"line":203,"column":1}},"1":{"start":{"line":27,"column":38},"end":{"line":27,"column":73}},"2":{"start":{"line":28,"column":25},"end":{"line":32,"column":6}},"3":{"start":{"line":29,"column":14},"end":{"line":29,"column":24}},"4":{"start":{"line":30,"column":4},"end":{"line":30,"column":27}},"5":{"start":{"line":31,"column":4},"end":{"line":31,"column":13}},"6":{"start":{"line":33,"column":48},"end":{"line":33,"column":78}},"7":{"start":{"line":34,"column":46},"end":{"line":34,"column":61}},"8":{"start":{"line":35,"column":48},"end":{"line":35,"column":60}},"9":{"start":{"line":37,"column":27},"end":{"line":42,"column":3}},"10":{"start":{"line":38,"column":4},"end":{"line":38,"column":45}},"11":{"start":{"line":39,"column":4},"end":{"line":41,"column":5}},"12":{"start":{"line":40,"column":6},"end":{"line":40,"column":34}},"13":{"start":{"line":44,"column":31},"end":{"line":57,"column":3}},"14":{"start":{"line":45,"column":4},"end":{"line":56,"column":5}},"15":{"start":{"line":46,"column":6},"end":{"line":46,"column":54}},"16":{"start":{"line":46,"column":35},"end":{"line":46,"column":52}},"17":{"start":{"line":47,"column":11},"end":{"line":56,"column":5}},"18":{"start":{"line":48,"column":6},"end":{"line":48,"column":63}},"19":{"start":{"line":48,"column":56},"end":{"line":48,"column":63}},"20":{"start":{"line":49,"column":6},"end":{"line":54,"column":15}},"21":{"start":{"line":54,"column":8},"end":{"line":54,"column":15}},"22":{"start":{"line":55,"column":6},"end":{"line":55,"column":47}},"23":{"start":{"line":55,"column":35},"end":{"line":55,"column":45}},"24":{"start":{"line":59,"column":28},"end":{"line":61,"column":3}},"25":{"start":{"line":60,"column":4},"end":{"line":60,"column":28}},"26":{"start":{"line":63,"column":30},"end":{"line":80,"column":3}},"27":{"start":{"line":64,"column":18},"end":{"line":64,"column":72}},"28":{"start":{"line":65,"column":20},"end":{"line":65,"column":76}},"29":{"start":{"line":66,"column":23},"end":{"line":66,"column":44}},"30":{"start":{"line":67,"column":23},"end":{"line":67,"column":50}},"31":{"start":{"line":69,"column":4},"end":{"line":71,"column":5}},"32":{"start":{"line":70,"column":6},"end":{"line":70,"column":13}},"33":{"start":{"line":73,"column":20},"end":{"line":73,"column":59}},"34":{"start":{"line":74,"column":4},"end":{"line":79,"column":5}},"35":{"start":{"line":76,"column":6},"end":{"line":76,"column":37}},"36":{"start":{"line":77,"column":6},"end":{"line":77,"column":29}},"37":{"start":{"line":78,"column":6},"end":{"line":78,"column":28}},"38":{"start":{"line":82,"column":22},"end":{"line":87,"column":3}},"39":{"start":{"line":83,"column":4},"end":{"line":83,"column":35}},"40":{"start":{"line":84,"column":4},"end":{"line":84,"column":27}},"41":{"start":{"line":85,"column":4},"end":{"line":85,"column":26}},"42":{"start":{"line":86,"column":4},"end":{"line":86,"column":14}},"43":{"start":{"line":89,"column":2},"end":{"line":202,"column":4}},"44":{"start":{"line":120,"column":35},"end":{"line":120,"column":58}},"45":{"start":{"line":165,"column":22},"end":{"line":185,"column":41}},"46":{"start":{"line":168,"column":39},"end":{"line":168,"column":75}},"47":{"start":{"line":205,"column":15},"end":{"line":289,"column":2}}},"fnMap":{"0":{"name":"(anonymous_0)","decl":{"start":{"line":26,"column":4},"end":{"line":26,"column":5}},"loc":{"start":{"line":26,"column":62},"end":{"line":203,"column":1}},"line":26},"1":{"name":"(anonymous_1)","decl":{"start":{"line":28,"column":26},"end":{"line":28,"column":27}},"loc":{"start":{"line":28,"column":32},"end":{"line":32,"column":3}},"line":28},"2":{"name":"(anonymous_2)","decl":{"start":{"line":37,"column":27},"end":{"line":37,"column":28}},"loc":{"start":{"line":37,"column":75},"end":{"line":42,"column":3}},"line":37},"3":{"name":"(anonymous_3)","decl":{"start":{"line":44,"column":31},"end":{"line":44,"column":32}},"loc":{"start":{"line":44,"column":48},"end":{"line":57,"column":3}},"line":44},"4":{"name":"(anonymous_4)","decl":{"start":{"line":46,"column":25},"end":{"line":46,"column":26}},"loc":{"start":{"line":46,"column":35},"end":{"line":46,"column":52}},"line":46},"5":{"name":"(anonymous_5)","decl":{"start":{"line":55,"column":25},"end":{"line":55,"column":26}},"loc":{"start":{"line":55,"column":35},"end":{"line":55,"column":45}},"line":55},"6":{"name":"(anonymous_6)","decl":{"start":{"line":59,"column":28},"end":{"line":59,"column":29}},"loc":{"start":{"line":59,"column":34},"end":{"line":61,"column":3}},"line":59},"7":{"name":"(anonymous_7)","decl":{"start":{"line":63,"column":30},"end":{"line":63,"column":31}},"loc":{"start":{"line":63,"column":42},"end":{"line":80,"column":3}},"line":63},"8":{"name":"(anonymous_8)","decl":{"start":{"line":82,"column":22},"end":{"line":82,"column":23}},"loc":{"start":{"line":82,"column":28},"end":{"line":87,"column":3}},"line":82},"9":{"name":"(anonymous_9)","decl":{"start":{"line":120,"column":29},"end":{"line":120,"column":30}},"loc":{"start":{"line":120,"column":35},"end":{"line":120,"column":58}},"line":120},"10":{"name":"(anonymous_10)","decl":{"start":{"line":164,"column":20},"end":{"line":164,"column":21}},"loc":{"start":{"line":165,"column":22},"end":{"line":185,"column":41}},"line":165},"11":{"name":"(anonymous_11)","decl":{"start":{"line":168,"column":33},"end":{"line":168,"column":34}},"loc":{"start":{"line":168,"column":39},"end":{"line":168,"column":75}},"line":168}},"branchMap":{"0":{"loc":{"start":{"line":26,"column":38},"end":{"line":26,"column":55}},"type":"default-arg","locations":[{"start":{"line":26,"column":50},"end":{"line":26,"column":55}}],"line":26},"1":{"loc":{"start":{"line":39,"column":4},"end":{"line":41,"column":5}},"type":"if","locations":[{"start":{"line":39,"column":4},"end":{"line":41,"column":5}},{"start":{},"end":{}}],"line":39},"2":{"loc":{"start":{"line":45,"column":4},"end":{"line":56,"column":5}},"type":"if","locations":[{"start":{"line":45,"column":4},"end":{"line":56,"column":5}},{"start":{"line":47,"column":11},"end":{"line":56,"column":5}}],"line":45},"3":{"loc":{"start":{"line":47,"column":11},"end":{"line":56,"column":5}},"type":"if","locations":[{"start":{"line":47,"column":11},"end":{"line":56,"column":5}},{"start":{},"end":{}}],"line":47},"4":{"loc":{"start":{"line":48,"column":6},"end":{"line":48,"column":63}},"type":"if","locations":[{"start":{"line":48,"column":6},"end":{"line":48,"column":63}},{"start":{},"end":{}}],"line":48},"5":{"loc":{"start":{"line":48,"column":10},"end":{"line":48,"column":54}},"type":"binary-expr","locations":[{"start":{"line":48,"column":10},"end":{"line":48,"column":21}},{"start":{"line":48,"column":25},"end":{"line":48,"column":54}}],"line":48},"6":{"loc":{"start":{"line":49,"column":6},"end":{"line":54,"column":15}},"type":"if","locations":[{"start":{"line":49,"column":6},"end":{"line":54,"column":15}},{"start":{},"end":{}}],"line":49},"7":{"loc":{"start":{"line":50,"column":8},"end":{"line":52,"column":50}},"type":"binary-expr","locations":[{"start":{"line":50,"column":8},"end":{"line":50,"column":19}},{"start":{"line":51,"column":8},"end":{"line":51,"column":37}},{"start":{"line":52,"column":8},"end":{"line":52,"column":50}}],"line":50},"8":{"loc":{"start":{"line":69,"column":4},"end":{"line":71,"column":5}},"type":"if","locations":[{"start":{"line":69,"column":4},"end":{"line":71,"column":5}},{"start":{},"end":{}}],"line":69},"9":{"loc":{"start":{"line":69,"column":8},"end":{"line":69,"column":44}},"type":"binary-expr","locations":[{"start":{"line":69,"column":8},"end":{"line":69,"column":25}},{"start":{"line":69,"column":29},"end":{"line":69,"column":44}}],"line":69},"10":{"loc":{"start":{"line":74,"column":4},"end":{"line":79,"column":5}},"type":"if","locations":[{"start":{"line":74,"column":4},"end":{"line":79,"column":5}},{"start":{},"end":{}}],"line":74},"11":{"loc":{"start":{"line":111,"column":11},"end":{"line":149,"column":11}},"type":"binary-expr","locations":[{"start":{"line":111,"column":11},"end":{"line":111,"column":32}},{"start":{"line":112,"column":12},"end":{"line":148,"column":15}}],"line":111},"12":{"loc":{"start":{"line":118,"column":17},"end":{"line":130,"column":17}},"type":"binary-expr","locations":[{"start":{"line":118,"column":17},"end":{"line":118,"column":42}},{"start":{"line":119,"column":18},"end":{"line":129,"column":37}}],"line":118},"13":{"loc":{"start":{"line":131,"column":17},"end":{"line":140,"column":17}},"type":"binary-expr","locations":[{"start":{"line":131,"column":18},"end":{"line":131,"column":39}},{"start":{"line":131,"column":43},"end":{"line":131,"column":57}},{"start":{"line":132,"column":18},"end":{"line":139,"column":20}}],"line":131},"14":{"loc":{"start":{"line":135,"column":29},"end":{"line":135,"column":74}},"type":"cond-expr","locations":[{"start":{"line":135,"column":53},"end":{"line":135,"column":62}},{"start":{"line":135,"column":65},"end":{"line":135,"column":74}}],"line":135},"15":{"loc":{"start":{"line":151,"column":11},"end":{"line":198,"column":11}},"type":"binary-expr","locations":[{"start":{"line":151,"column":11},"end":{"line":151,"column":34}},{"start":{"line":152,"column":12},"end":{"line":197,"column":15}}],"line":151},"16":{"loc":{"start":{"line":160,"column":20},"end":{"line":160,"column":45}},"type":"binary-expr","locations":[{"start":{"line":160,"column":20},"end":{"line":160,"column":35}},{"start":{"line":160,"column":39},"end":{"line":160,"column":45}}],"line":160},"17":{"loc":{"start":{"line":169,"column":29},"end":{"line":174,"column":30}},"type":"cond-expr","locations":[{"start":{"line":170,"column":28},"end":{"line":173,"column":29}},{"start":{"line":174,"column":28},"end":{"line":174,"column":30}}],"line":169},"18":{"loc":{"start":{"line":176,"column":25},"end":{"line":184,"column":25}},"type":"cond-expr","locations":[{"start":{"line":177,"column":26},"end":{"line":181,"column":28}},{"start":{"line":183,"column":26},"end":{"line":183,"column":76}}],"line":176},"19":{"loc":{"start":{"line":224,"column":9},"end":{"line":224,"column":69}},"type":"cond-expr","locations":[{"start":{"line":224,"column":33},"end":{"line":224,"column":56}},{"start":{"line":224,"column":59},"end":{"line":224,"column":69}}],"line":224},"20":{"loc":{"start":{"line":234,"column":6},"end":{"line":236,"column":33}},"type":"cond-expr","locations":[{"start":{"line":235,"column":10},"end":{"line":235,"column":46}},{"start":{"line":236,"column":10},"end":{"line":236,"column":33}}],"line":234}},"s":{"0":1,"1":77,"2":77,"3":77,"4":77,"5":77,"6":77,"7":77,"8":77,"9":77,"10":0,"11":0,"12":0,"13":77,"14":47,"15":1,"16":1,"17":46,"18":43,"19":1,"20":42,"21":2,"22":40,"23":40,"24":77,"25":13,"26":77,"27":5,"28":5,"29":5,"30":5,"31":5,"32":2,"33":3,"34":3,"35":2,"36":2,"37":2,"38":77,"39":1,"40":1,"41":1,"42":1,"43":77,"44":0,"45":672,"46":47,"47":1},"f":{"0":77,"1":77,"2":0,"3":47,"4":1,"5":40,"6":13,"7":5,"8":1,"9":0,"10":672,"11":47},"b":{"0":[75],"1":[0,0],"2":[1,46],"3":[43,3],"4":[1,42],"5":[43,5],"6":[2,40],"7":[42,38,10],"8":[2,3],"9":[5,4],"10":[2,1],"11":[77,21],"12":[21,1],"13":[21,1,20],"14":[20,0],"15":[77,56],"16":[56,13],"17":[56,616],"18":[56,616],"19":[1,0],"20":[1,0]},"_coverageSchema":"1a1c01bbd47fc00a2c39e90264f33305004495a9","hash":"0a01d3077e3a584d8c9d8892b3658c8828856c6a"}
,"/Users/davehickman/devwork/testing-sheet/components/modals/DateModal.tsx": {"path":"/Users/davehickman/devwork/testing-sheet/components/modals/DateModal.tsx","statementMap":{"0":{"start":{"line":32,"column":16},"end":{"line":32,"column":26}},"1":{"start":{"line":33,"column":27},"end":{"line":33,"column":29}},"2":{"start":{"line":36,"column":33},"end":{"line":40,"column":3}},"3":{"start":{"line":37,"column":21},"end":{"line":37,"column":53}},"4":{"start":{"line":38,"column":21},"end":{"line":38,"column":64}},"5":{"start":{"line":39,"column":4},"end":{"line":39,"column":61}},"6":{"start":{"line":42,"column":33},"end":{"line":46,"column":3}},"7":{"start":{"line":43,"column":20},"end":{"line":43,"column":35}},"8":{"start":{"line":44,"column":4},"end":{"line":44,"column":45}},"9":{"start":{"line":45,"column":4},"end":{"line":45,"column":19}},"10":{"start":{"line":48,"column":26},"end":{"line":56,"column":3}},"11":{"start":{"line":49,"column":4},"end":{"line":54,"column":5}},"12":{"start":{"line":50,"column":6},"end":{"line":53,"column":8}},"13":{"start":{"line":55,"column":4},"end":{"line":55,"column":19}},"14":{"start":{"line":58,"column":40},"end":{"line":60,"column":3}},"15":{"start":{"line":61,"column":52},"end":{"line":69,"column":3}},"16":{"start":{"line":63,"column":27},"end":{"line":63,"column":44}},"17":{"start":{"line":64,"column":6},"end":{"line":67,"column":8}},"18":{"start":{"line":71,"column":2},"end":{"line":80,"column":34}},"19":{"start":{"line":72,"column":4},"end":{"line":79,"column":5}},"20":{"start":{"line":73,"column":23},"end":{"line":73,"column":40}},"21":{"start":{"line":74,"column":6},"end":{"line":74,"column":31}},"22":{"start":{"line":75,"column":6},"end":{"line":78,"column":9}},"23":{"start":{"line":82,"column":28},"end":{"line":92,"column":3}},"24":{"start":{"line":83,"column":43},"end":{"line":86,"column":5}},"25":{"start":{"line":87,"column":4},"end":{"line":87,"column":33}},"26":{"start":{"line":88,"column":4},"end":{"line":91,"column":7}},"27":{"start":{"line":94,"column":22},"end":{"line":97,"column":3}},"28":{"start":{"line":95,"column":4},"end":{"line":95,"column":40}},"29":{"start":{"line":96,"column":4},"end":{"line":96,"column":14}},"30":{"start":{"line":99,"column":22},"end":{"line":109,"column":3}},"31":{"start":{"line":100,"column":41},"end":{"line":100,"column":48}},"32":{"start":{"line":101,"column":4},"end":{"line":101,"column":31}},"33":{"start":{"line":102,"column":27},"end":{"line":105,"column":5}},"34":{"start":{"line":106,"column":4},"end":{"line":106,"column":41}},"35":{"start":{"line":107,"column":4},"end":{"line":107,"column":37}},"36":{"start":{"line":108,"column":4},"end":{"line":108,"column":14}},"37":{"start":{"line":111,"column":21},"end":{"line":127,"column":3}},"38":{"start":{"line":112,"column":21},"end":{"line":114,"column":5}},"39":{"start":{"line":116,"column":4},"end":{"line":126,"column":5}},"40":{"start":{"line":117,"column":6},"end":{"line":117,"column":21}},"41":{"start":{"line":118,"column":11},"end":{"line":126,"column":5}},"42":{"start":{"line":119,"column":6},"end":{"line":119,"column":24}},"43":{"start":{"line":121,"column":6},"end":{"line":125,"column":9}},"44":{"start":{"line":129,"column":27},"end":{"line":133,"column":3}},"45":{"start":{"line":130,"column":4},"end":{"line":130,"column":35}},"46":{"start":{"line":130,"column":20},"end":{"line":130,"column":35}},"47":{"start":{"line":131,"column":4},"end":{"line":131,"column":38}},"48":{"start":{"line":131,"column":20},"end":{"line":131,"column":38}},"49":{"start":{"line":132,"column":4},"end":{"line":132,"column":27}},"50":{"start":{"line":135,"column":26},"end":{"line":144,"column":3}},"51":{"start":{"line":136,"column":18},"end":{"line":136,"column":57}},"52":{"start":{"line":137,"column":16},"end":{"line":137,"column":53}},"53":{"start":{"line":139,"column":4},"end":{"line":141,"column":5}},"54":{"start":{"line":140,"column":6},"end":{"line":140,"column":19}},"55":{"start":{"line":143,"column":4},"end":{"line":143,"column":31}},"56":{"start":{"line":146,"column":2},"end":{"line":194,"column":4}},"57":{"start":{"line":197,"column":15},"end":{"line":268,"column":2}}},"fnMap":{"0":{"name":"DateModal","decl":{"start":{"line":26,"column":16},"end":{"line":26,"column":25}},"loc":{"start":{"line":31,"column":19},"end":{"line":195,"column":1}},"line":31},"1":{"name":"(anonymous_1)","decl":{"start":{"line":36,"column":33},"end":{"line":36,"column":34}},"loc":{"start":{"line":36,"column":49},"end":{"line":40,"column":3}},"line":36},"2":{"name":"(anonymous_2)","decl":{"start":{"line":42,"column":33},"end":{"line":42,"column":34}},"loc":{"start":{"line":42,"column":52},"end":{"line":46,"column":3}},"line":42},"3":{"name":"(anonymous_3)","decl":{"start":{"line":48,"column":26},"end":{"line":48,"column":27}},"loc":{"start":{"line":48,"column":50},"end":{"line":56,"column":3}},"line":48},"4":{"name":"(anonymous_4)","decl":{"start":{"line":62,"column":4},"end":{"line":62,"column":5}},"loc":{"start":{"line":62,"column":10},"end":{"line":68,"column":5}},"line":62},"5":{"name":"(anonymous_5)","decl":{"start":{"line":71,"column":18},"end":{"line":71,"column":19}},"loc":{"start":{"line":71,"column":24},"end":{"line":80,"column":3}},"line":71},"6":{"name":"(anonymous_6)","decl":{"start":{"line":82,"column":28},"end":{"line":82,"column":29}},"loc":{"start":{"line":82,"column":57},"end":{"line":92,"column":3}},"line":82},"7":{"name":"(anonymous_7)","decl":{"start":{"line":94,"column":22},"end":{"line":94,"column":23}},"loc":{"start":{"line":94,"column":28},"end":{"line":97,"column":3}},"line":94},"8":{"name":"(anonymous_8)","decl":{"start":{"line":99,"column":22},"end":{"line":99,"column":23}},"loc":{"start":{"line":99,"column":28},"end":{"line":109,"column":3}},"line":99},"9":{"name":"(anonymous_9)","decl":{"start":{"line":111,"column":21},"end":{"line":111,"column":22}},"loc":{"start":{"line":111,"column":37},"end":{"line":127,"column":3}},"line":111},"10":{"name":"(anonymous_10)","decl":{"start":{"line":129,"column":27},"end":{"line":129,"column":28}},"loc":{"start":{"line":129,"column":45},"end":{"line":133,"column":3}},"line":129},"11":{"name":"(anonymous_11)","decl":{"start":{"line":135,"column":26},"end":{"line":135,"column":27}},"loc":{"start":{"line":135,"column":32},"end":{"line":144,"column":3}},"line":135}},"branchMap":{"0":{"loc":{"start":{"line":49,"column":4},"end":{"line":54,"column":5}},"type":"if","locations":[{"start":{"line":49,"column":4},"end":{"line":54,"column":5}},{"start":{},"end":{}}],"line":49},"1":{"loc":{"start":{"line":72,"column":4},"end":{"line":79,"column":5}},"type":"if","locations":[{"start":{"line":72,"column":4},"end":{"line":79,"column":5}},{"start":{},"end":{}}],"line":72},"2":{"loc":{"start":{"line":116,"column":4},"end":{"line":126,"column":5}},"type":"if","locations":[{"start":{"line":116,"column":4},"end":{"line":126,"column":5}},{"start":{"line":118,"column":11},"end":{"line":126,"column":5}}],"line":116},"3":{"loc":{"start":{"line":118,"column":11},"end":{"line":126,"column":5}},"type":"if","locations":[{"start":{"line":118,"column":11},"end":{"line":126,"column":5}},{"start":{"line":120,"column":11},"end":{"line":126,"column":5}}],"line":118},"4":{"loc":{"start":{"line":130,"column":4},"end":{"line":130,"column":35}},"type":"if","locations":[{"start":{"line":130,"column":4},"end":{"line":130,"column":35}},{"start":{},"end":{}}],"line":130},"5":{"loc":{"start":{"line":131,"column":4},"end":{"line":131,"column":38}},"type":"if","locations":[{"start":{"line":131,"column":4},"end":{"line":131,"column":38}},{"start":{},"end":{}}],"line":131},"6":{"loc":{"start":{"line":139,"column":4},"end":{"line":141,"column":5}},"type":"if","locations":[{"start":{"line":139,"column":4},"end":{"line":141,"column":5}},{"start":{},"end":{}}],"line":139}},"s":{"0":0,"1":0,"2":0,"3":0,"4":0,"5":0,"6":0,"7":0,"8":0,"9":0,"10":0,"11":0,"12":0,"13":0,"14":0,"15":0,"16":0,"17":0,"18":0,"19":0,"20":0,"21":0,"22":0,"23":0,"24":0,"25":0,"26":0,"27":0,"28":0,"29":0,"30":0,"31":0,"32":0,"33":0,"34":0,"35":0,"36":0,"37":0,"38":0,"39":0,"40":0,"41":0,"42":0,"43":0,"44":0,"45":0,"46":0,"47":0,"48":0,"49":0,"50":0,"51":0,"52":0,"53":0,"54":0,"55":0,"56":0,"57":0},"f":{"0":0,"1":0,"2":0,"3":0,"4":0,"5":0,"6":0,"7":0,"8":0,"9":0,"10":0,"11":0},"b":{"0":[0,0],"1":[0,0],"2":[0,0],"3":[0,0],"4":[0,0],"5":[0,0],"6":[0,0]}}
,"/Users/davehickman/devwork/testing-sheet/components/modals/DistanceModal.tsx": {"path":"/Users/davehickman/devwork/testing-sheet/components/modals/DistanceModal.tsx","statementMap":{"0":{"start":{"line":20,"column":34},"end":{"line":20,"column":65}},"1":{"start":{"line":22,"column":22},"end":{"line":25,"column":3}},"2":{"start":{"line":23,"column":4},"end":{"line":23,"column":30}},"3":{"start":{"line":24,"column":4},"end":{"line":24,"column":14}},"4":{"start":{"line":27,"column":22},"end":{"line":31,"column":3}},"5":{"start":{"line":28,"column":4},"end":{"line":28,"column":20}},"6":{"start":{"line":29,"column":4},"end":{"line":29,"column":24}},"7":{"start":{"line":30,"column":4},"end":{"line":30,"column":14}},"8":{"start":{"line":33,"column":2},"end":{"line":77,"column":4}},"9":{"start":{"line":56,"column":40},"end":{"line":56,"column":70}},"10":{"start":{"line":80,"column":15},"end":{"line":151,"column":2}}},"fnMap":{"0":{"name":"DistanceModal","decl":{"start":{"line":14,"column":16},"end":{"line":14,"column":29}},"loc":{"start":{"line":19,"column":23},"end":{"line":78,"column":1}},"line":19},"1":{"name":"(anonymous_1)","decl":{"start":{"line":22,"column":22},"end":{"line":22,"column":23}},"loc":{"start":{"line":22,"column":28},"end":{"line":25,"column":3}},"line":22},"2":{"name":"(anonymous_2)","decl":{"start":{"line":27,"column":22},"end":{"line":27,"column":23}},"loc":{"start":{"line":27,"column":28},"end":{"line":31,"column":3}},"line":27},"3":{"name":"(anonymous_3)","decl":{"start":{"line":56,"column":29},"end":{"line":56,"column":30}},"loc":{"start":{"line":56,"column":40},"end":{"line":56,"column":70}},"line":56}},"branchMap":{},"s":{"0":0,"1":0,"2":0,"3":0,"4":0,"5":0,"6":0,"7":0,"8":0,"9":0,"10":0},"f":{"0":0,"1":0,"2":0,"3":0},"b":{}}
[...]
d":{"line":63,"column":65}}],"line":63},"7":{"loc":{"start":{"line":66,"column":43},"end":{"line":66,"column":59}},"type":"binary-expr","locations":[{"start":{"line":66,"column":43},"end":{"line":66,"column":53}},{"start":{"line":66,"column":57},"end":{"line":66,"column":59}}],"line":66},"8":{"loc":{"start":{"line":92,"column":4},"end":{"line":97,"column":5}},"type":"if","locations":[{"start":{"line":92,"column":4},"end":{"line":97,"column":5}},{"start":{},"end":{}}],"line":92},"9":{"loc":{"start":{"line":100,"column":6},"end":{"line":116,"column":7}},"type":"if","locations":[{"start":{"line":100,"column":6},"end":{"line":116,"column":7}},{"start":{},"end":{}}],"line":100},"10":{"loc":{"start":{"line":112,"column":8},"end":{"line":112,"column":51}},"type":"if","locations":[{"start":{"line":112,"column":8},"end":{"line":112,"column":51}},{"start":{},"end":{}}],"line":112},"11":{"loc":{"start":{"line":128,"column":6},"end":{"line":139,"column":7}},"type":"if","locations":[{"start":{"line":128,"column":6},"end":{"line":139,"column":7}},{"start":{"line":131,"column":13},"end":{"line":139,"column":7}}],"line":128},"12":{"loc":{"start":{"line":128,"column":10},"end":{"line":128,"column":76}},"type":"binary-expr","locations":[{"start":{"line":128,"column":10},"end":{"line":128,"column":27}},{"start":{"line":128,"column":31},"end":{"line":128,"column":58}},{"start":{"line":128,"column":62},"end":{"line":128,"column":76}}],"line":128}},"s":{"0":0,"1":0,"2":0,"3":0,"4":0,"5":0,"6":0,"7":0,"8":0,"9":0,"10":0,"11":0,"12":0,"13":0,"14":0,"15":0,"16":0,"17":0,"18":0,"19":0,"20":0,"21":0,"22":0,"23":0,"24":0,"25":0,"26":0,"27":0,"28":0,"29":0,"30":0,"31":0,"32":0,"33":0,"34":0,"35":0,"36":0,"37":0,"38":0,"39":0,"40":0,"41":0,"42":0,"43":0,"44":0,"45":0,"46":0,"47":0,"48":0,"49":0,"50":0,"51":0,"52":0,"53":0,"54":0,"55":0,"56":0},"f":{"0":0,"1":0,"2":0,"3":0,"4":0,"5":0,"6":0,"7":0,"8":0,"9":0,"10":0},"b":{"0":[0,0],"1":[0,0],"2":[0,0],"3":[0,0],"4":[0,0],"5":[0,0],"6":[0,0],"7":[0,0],"8":[0,0],"9":[0,0],"10":[0,0],"11":[0,0],"12":[0,0,0]}}
,"/Users/davehickman/devwork/testing-sheet/hooks/useGameDetail.ts": {"path":"/Users/davehickman/devwork/testing-sheet/hooks/useGameDetail.ts","statementMap":{"0":{"start":{"line":53,"column":29},"end":{"line":134,"column":1}},"1":{"start":{"line":54,"column":26},"end":{"line":54,"column":59}},"2":{"start":{"line":55,"column":36},"end":{"line":55,"column":50}},"3":{"start":{"line":56,"column":42},"end":{"line":56,"column":57}},"4":{"start":{"line":57,"column":28},"end":{"line":57,"column":57}},"5":{"start":{"line":58,"column":22},"end":{"line":58,"column":39}},"6":{"start":{"line":60,"column":27},"end":{"line":79,"column":3}},"7":{"start":{"line":62,"column":6},"end":{"line":62,"column":55}},"8":{"start":{"line":62,"column":36},"end":{"line":62,"column":55}},"9":{"start":{"line":63,"column":6},"end":{"line":63,"column":43}},"10":{"start":{"line":63,"column":21},"end":{"line":63,"column":43}},"11":{"start":{"line":64,"column":6},"end":{"line":64,"column":21}},"12":{"start":{"line":66,"column":6},"end":{"line":76,"column":7}},"13":{"start":{"line":67,"column":8},"end":{"line":67,"column":63}},"14":{"start":{"line":68,"column":28},"end":{"line":68,"column":53}},"15":{"start":{"line":69,"column":8},"end":{"line":69,"column":29}},"16":{"start":{"line":71,"column":8},"end":{"line":71,"column":60}},"17":{"start":{"line":72,"column":8},"end":{"line":72,"column":72}},"18":{"start":{"line":74,"column":8},"end":{"line":74,"column":44}},"19":{"start":{"line":74,"column":24},"end":{"line":74,"column":44}},"20":{"start":{"line":75,"column":8},"end":{"line":75,"column":31}},"21":{"start":{"line":81,"column":2},"end":{"line":88,"column":42}},"22":{"start":{"line":82,"column":4},"end":{"line":86,"column":5}},"23":{"start":{"line":83,"column":6},"end":{"line":83,"column":37}},"24":{"start":{"line":84,"column":6},"end":{"line":84,"column":26}},"25":{"start":{"line":85,"column":6},"end":{"line":85,"column":13}},"26":{"start":{"line":87,"column":4},"end":{"line":87,"column":23}},"27":{"start":{"line":90,"column":20},"end":{"line":92,"column":24}},"28":{"start":{"line":91,"column":4},"end":{"line":91,"column":27}},"29":{"start":{"line":95,"column":22},"end":{"line":95,"column":54}},"30":{"start":{"line":96,"column":33},"end":{"line":99,"column":3}},"31":{"start":{"line":100,"column":37},"end":{"line":102,"column":3}},"32":{"start":{"line":101,"column":11},"end":{"line":101,"column":36}},"33":{"start":{"line":103,"column":34},"end":{"line":103,"column":76}},"34":{"start":{"line":105,"column":4},"end":{"line":107,"column":11}},"35":{"start":{"line":106,"column":13},"end":{"line":106,"column":64}},"36":{"start":{"line":108,"column":30},"end":{"line":112,"column":8}},"37":{"start":{"line":110,"column":15},"end":{"line":110,"column":66}},"38":{"start":{"line":115,"column":4},"end":{"line":118,"column":62}},"39":{"start":{"line":120,"column":2},"end":{"line":133,"column":4}},"40":{"start":{"line":132,"column":19},"end":{"line":132,"column":41}}},"fnMap":{"0":{"name":"(anonymous_0)","decl":{"start":{"line":53,"column":29},"end":{"line":53,"column":30}},"loc":{"start":{"line":53,"column":49},"end":{"line":134,"column":1}},"line":53},"1":{"name":"(anonymous_1)","decl":{"start":{"line":61,"column":4},"end":{"line":61,"column":5}},"loc":{"start":{"line":61,"column":33},"end":{"line":77,"column":5}},"line":61},"2":{"name":"(anonymous_2)","decl":{"start":{"line":81,"column":12},"end":{"line":81,"column":13}},"loc":{"start":{"line":81,"column":18},"end":{"line":88,"column":3}},"line":81},"3":{"name":"(anonymous_3)","decl":{"start":{"line":90,"column":32},"end":{"line":90,"column":33}},"loc":{"start":{"line":90,"column":38},"end":{"line":92,"column":3}},"line":90},"4":{"name":"(anonymous_4)","decl":{"start":{"line":101,"column":4},"end":{"line":101,"column":5}},"loc":{"start":{"line":101,"column":11},"end":{"line":101,"column":36}},"line":101},"5":{"name":"(anonymous_5)","decl":{"start":{"line":106,"column":6},"end":{"line":106,"column":7}},"loc":{"start":{"line":106,"column":13},"end":{"line":106,"column":64}},"line":106},"6":{"name":"(anonymous_6)","decl":{"start":{"line":110,"column":8},"end":{"line":110,"column":9}},"loc":{"start":{"line":110,"column":15},"end":{"line":110,"column":66}},"line":110},"7":{"name":"(anonymous_7)","decl":{"start":{"line":132,"column":13},"end":{"line":132,"column":14}},"loc":{"start":{"line":132,"column":19},"end":{"line":132,"column":41}},"line":132}},"branchMap":{"0":{"loc":{"start":{"line":61,"column":11},"end":{"line":61,"column":28}},"type":"default-arg","locations":[{"start":{"line":61,"column":23},"end":{"line":61,"column":28}}],"line":61},"1":{"loc":{"start":{"line":62,"column":6},"end":{"line":62,"column":55}},"type":"if","locations":[{"start":{"line":62,"column":6},"end":{"line":62,"column":55}},{"start":{},"end":{}}],"line":62},"2":{"loc":{"start":{"line":62,"column":10},"end":{"line":62,"column":34}},"type":"binary-expr","locations":[{"start":{"line":62,"column":10},"end":{"line":62,"column":20}},{"start":{"line":62,"column":24},"end":{"line":62,"column":34}}],"line":62},"3":{"loc":{"start":{"line":63,"column":6},"end":{"line":63,"column":43}},"type":"if","locations":[{"start":{"line":63,"column":6},"end":{"line":63,"column":43}},{"start":{},"end":{}}],"line":63},"4":{"loc":{"start":{"line":72,"column":52},"end":{"line":72,"column":69}},"type":"binary-expr","locations":[{"start":{"line":72,"column":52},"end":{"line":72,"column":63}},{"start":{"line":72,"column":67},"end":{"line":72,"column":69}}],"line":72},"5":{"loc":{"start":{"line":74,"column":8},"end":{"line":74,"column":44}},"type":"if","locations":[{"start":{"line":74,"column":8},"end":{"line":74,"column":44}},{"start":{},"end":{}}],"line":74},"6":{"loc":{"start":{"line":82,"column":4},"end":{"line":86,"column":5}},"type":"if","locations":[{"start":{"line":82,"column":4},"end":{"line":86,"column":5}},{"start":{},"end":{}}],"line":82},"7":{"loc":{"start":{"line":98,"column":5},"end":{"line":98,"column":30}},"type":"binary-expr","locations":[{"start":{"line":98,"column":5},"end":{"line":98,"column":25}},{"start":{"line":98,"column":29},"end":{"line":98,"column":30}}],"line":98},"8":{"loc":{"start":{"line":98,"column":35},"end":{"line":98,"column":61}},"type":"binary-expr","locations":[{"start":{"line":98,"column":35},"end":{"line":98,"column":56}},{"start":{"line":98,"column":60},"end":{"line":98,"column":61}}],"line":98},"9":{"loc":{"start":{"line":103,"column":34},"end":{"line":103,"column":76}},"type":"binary-expr","locations":[{"start":{"line":103,"column":34},"end":{"line":103,"column":68}},{"start":{"line":103,"column":72},"end":{"line":103,"column":76}}],"line":103},"10":{"loc":{"start":{"line":105,"column":4},"end":{"line":107,"column":11}},"type":"binary-expr","locations":[{"start":{"line":105,"column":4},"end":{"line":107,"column":5}},{"start":{"line":107,"column":9},"end":{"line":107,"column":11}}],"line":105},"11":{"loc":{"start":{"line":106,"column":13},"end":{"line":106,"column":64}},"type":"binary-expr","locations":[{"start":{"line":106,"column":13},"end":{"line":106,"column":36}},{"start":{"line":106,"column":40},"end":{"line":106,"column":64}}],"line":106},"12":{"loc":{"start":{"line":108,"column":30},"end":{"line":112,"column":8}},"type":"cond-expr","locations":[{"start":{"line":109,"column":6},"end":{"line":111,"column":13}},{"start":{"line":112,"column":6},"end":{"line":112,"column":8}}],"line":108},"13":{"loc":{"start":{"line":109,"column":6},"end":{"line":111,"column":13}},"type":"binary-expr","locations":[{"start":{"line":109,"column":6},"end":{"line":111,"column":7}},{"start":{"line":111,"column":11},"end":{"line":111,"column":13}}],"line":109},"14":{"loc":{"start":{"line":110,"column":15},"end":{"line":110,"column":66}},"type":"binary-expr","locations":[{"start":{"line":110,"column":15},"end":{"line":110,"column":37}},{"start":{"line":110,"column":41},"end":{"line":110,"column":66}}],"line":110},"15":{"loc":{"start":{"line":115,"column":4},"end":{"line":118,"column":62}},"type":"binary-expr","locations":[{"start":{"line":115,"column":4},"end":{"line":115,"column":16}},{"start":{"line":116,"column":4},"end":{"line":116,"column":36}},{"start":{"line":117,"column":4},"end":{"line":117,"column":39}},{"start":{"line":118,"column":4},"end":{"line":118,"column":62}}],"line":115},"16":{"loc":{"start":{"line":118,"column":5},"end":{"line":118,"column":31}},"type":"binary-expr","locations":[{"start":{"line":118,"column":5},"end":{"line":118,"column":26}},{"start":{"line":118,"column":30},"end":{"line":118,"column":31}}],"line":118},"17":{"loc":{"start":{"line":118,"column":36},"end":{"line":118,"column":61}},"type":"binary-expr","locations":[{"start":{"line":118,"column":36},"end":{"line":118,"column":56}},{"start":{"line":118,"column":60},"end":{"line":118,"column":61}}],"line":118}},"s":{"0":0,"1":0,"2":0,"3":0,"4":0,"5":0,"6":0,"7":0,"8":0,"9":0,"10":0,"11":0,"12":0,"13":0,"14":0,"15":0,"16":0,"17":0,"18":0,"19":0,"20":0,"21":0,"22":0,"23":0,"24":0,"25":0,"26":0,"27":0,"28":0,"29":0,"30":0,"31":0,"32":0,"33":0,"34":0,"35":0,"36":0,"37":0,"38":0,"39":0,"40":0},"f":{"0":0,"1":0,"2":0,"3":0,"4":0,"5":0,"6":0,"7":0},"b":{"0":[0],"1":[0,0],"2":[0,0],"3":[0,0],"4":[0,0],"5":[0,0],"6":[0,0],"7":[0,0],"8":[0,0],"9":[0,0],"10":[0,0],"11":[0,0],"12":[0,0],"13":[0,0],"14":[0,0],"15":[0,0,0,0],"16":[0,0],"17":[0,0]}}
,"/Users/davehickman/devwork/testing-sheet/hooks/useStyles.ts": {"path":"/Users/davehickman/devwork/testing-sheet/hooks/useStyles.ts","statementMap":{"0":{"start":{"line":19,"column":16},"end":{"line":19,"column":26}},"1":{"start":{"line":20,"column":2},"end":{"line":20,"column":48}}},"fnMap":{"0":{"name":"useStyles","decl":{"start":{"line":16,"column":16},"end":{"line":16,"column":25}},"loc":{"start":{"line":18,"column":5},"end":{"line":21,"column":1}},"line":18}},"branchMap":{},"s":{"0":0,"1":0},"f":{"0":0},"b":{}}
,"/Users/davehickman/devwork/testing-sheet/hooks/useTheme.ts": {"path":"/Users/davehickman/devwork/testing-sheet/hooks/useTheme.ts","statementMap":{"0":{"start":{"line":8,"column":2},"end":{"line":8,"column":15}}},"fnMap":{"0":{"name":"useTheme","decl":{"start":{"line":7,"column":16},"end":{"line":7,"column":24}},"loc":{"start":{"line":7,"column":27},"end":{"line":9,"column":1}},"line":7}},"branchMap":{},"s":{"0":0},"f":{"0":0},"b":{}}
,"/Users/davehickman/devwork/testing-sheet/hooks/useThemeColor.ts": {"path":"/Users/davehickman/devwork/testing-sheet/hooks/useThemeColor.ts","statementMap":{"0":{"start":{"line":13,"column":16},"end":{"line":13,"column":43}},"1":{"start":{"line":14,"column":25},"end":{"line":14,"column":37}},"2":{"start":{"line":16,"column":2},"end":{"line":20,"column":3}},"3":{"start":{"line":17,"column":4},"end":{"line":17,"column":26}},"4":{"start":{"line":19,"column":4},"end":{"line":19,"column":36}}},"fnMap":{"0":{"name":"useThemeColor","decl":{"start":{"line":9,"column":16},"end":{"line":9,"column":29}},"loc":{"start":{"line":12,"column":2},"end":{"line":21,"column":1}},"line":12}},"branchMap":{"0":{"loc":{"start":{"line":13,"column":16},"end":{"line":13,"column":43}},"type":"binary-expr","locations":[{"start":{"line":13,"column":16},"end":{"line":13,"column":32}},{"start":{"line":13,"column":36},"end":{"line":13,"column":43}}],"line":13},"1":{"loc":{"start":{"line":16,"column":2},"end":{"line":20,"column":3}},"type":"if","locations":[{"start":{"line":16,"column":2},"end":{"line":20,"column":3}},{"start":{"line":18,"column":9},"end":{"line":20,"column":3}}],"line":16}},"s":{"0":0,"1":0,"2":0,"3":0,"4":0},"f":{"0":0},"b":{"0":[0,0],"1":[0,0]},"_coverageSchema":"1a1c01bbd47fc00a2c39e90264f33305004495a9","hash":"83657c870c4abc5e55ea512538e5c6fd240401ca"}
,"/Users/davehickman/devwork/testing-sheet/utils/formatters.ts": {"path":"/Users/davehickman/devwork/testing-sheet/utils/formatters.ts","statementMap":{"0":{"start":{"line":4,"column":41},"end":{"line":15,"column":1}},"1":{"start":{"line":7,"column":2},"end":{"line":7,"column":78}},"2":{"start":{"line":7,"column":61},"end":{"line":7,"column":78}},"3":{"start":{"line":8,"column":2},"end":{"line":13,"column":3}},"4":{"start":{"line":9,"column":4},"end":{"line":12,"column":54}},"5":{"start":{"line":12,"column":34},"end":{"line":12,"column":52}},"6":{"start":{"line":14,"column":2},"end":{"line":14,"column":23}},"7":{"start":{"line":18,"column":26},"end":{"line":26,"column":1}},"8":{"start":{"line":19,"column":2},"end":{"line":19,"column":40}},"9":{"start":{"line":19,"column":18},"end":{"line":19,"column":40}},"10":{"start":{"line":20,"column":15},"end":{"line":20,"column":34}},"11":{"start":{"line":21,"column":2},"end":{"line":25,"column":5}},"12":{"start":{"line":29,"column":37},"end":{"line":47,"column":1}},"13":{"start":{"line":32,"column":2},"end":{"line":32,"column":41}},"14":{"start":{"line":32,"column":19},"end":{"line":32,"column":41}},"15":{"start":{"line":33,"column":2},"end":{"line":46,"column":3}},"16":{"start":{"line":35,"column":6},"end":{"line":35,"column":41}},"17":{"start":{"line":37,"column":6},"end":{"line":37,"column":41}},"18":{"start":{"line":39,"column":6},"end":{"line":39,"column":39}},"19":{"start":{"line":41,"column":6},"end":{"line":41,"column":42}},"20":{"start":{"line":43,"column":6},"end":{"line":43,"column":35}},"21":{"start":{"line":45,"column":6},"end":{"line":45,"column":51}},"22":{"start":{"line":50,"column":32},"end":{"line":91,"column":1}},"23":{"start":{"line":51,"column":21},"end":{"line":51,"column":23}},"24":{"start":{"line":52,"column":20},"end":{"line":52,"column":55}},"25":{"start":{"line":54,"column":2},"end":{"line":89,"column":3}},"26":{"start":{"line":56,"column":6},"end":{"line":59,"column":8}},"27":{"start":{"line":60,"column":6},"end":{"line":60,"column":36}},"28":{"start":{"line":61,"column":6},"end":{"line":61,"column":12}},"29":{"start":{"line":63,"column":6},"end":{"line":66,"column":8}},"30":{"start":{"line":67,"column":6},"end":{"line":67,"column":36}},"31":{"start":{"line":68,"column":6},"end":{"line":68,"column":12}},"32":{"start":{"line":70,"column":6},"end":{"line":73,"column":8}},"33":{"start":{"line":74,"column":6},"end":{"line":74,"column":40}},"34":{"start":{"line":75,"column":6},"end":{"line":75,"column":12}},"35":{"start":{"line":77,"column":6},"end":{"line":80,"column":8}},"36":{"start":{"line":81,"column":6},"end":{"line":81,"column":40}},"37":{"start":{"line":82,"column":6},"end":{"line":82,"column":12}},"38":{"start":{"line":84,"column":6},"end":{"line":87,"column":8}},"39":{"start":{"line":88,"column":6},"end":{"line":88,"column":12}},"40":{"start":{"line":90,"column":2},"end":{"line":90,"column":39}}},"fnMap":{"0":{"name":"(anonymous_0)","decl":{"start":{"line":4,"column":41},"end":{"line":4,"column":42}},"loc":{"start":{"line":6,"column":13},"end":{"line":15,"column":1}},"line":6},"1":{"name":"(anonymous_1)","decl":{"start":{"line":12,"column":24},"end":{"line":12,"column":25}},"loc":{"start":{"line":12,"column":34},"end":{"line":12,"column":52}},"line":12},"2":{"name":"(anonymous_2)","decl":{"start":{"line":18,"column":26},"end":{"line":18,"column":27}},"loc":{"start":{"line":18,"column":76},"end":{"line":26,"column":1}},"line":18},"3":{"name":"(anonymous_3)","decl":{"start":{"line":29,"column":37},"end":{"line":29,"column":38}},"loc":{"start":{"line":31,"column":13},"end":{"line":47,"column":1}},"line":31},"4":{"name":"(anonymous_4)","decl":{"start":{"line":50,"column":32},"end":{"line":50,"column":33}},"loc":{"start":{"line":50,"column":73},"end":{"line":91,"column":1}},"line":50}},"branchMap":{"0":{"loc":{"start":{"line":7,"column":2},"end":{"line":7,"column":78}},"type":"if","locations":[{"start":{"line":7,"column":2},"end":{"line":7,"column":78}},{"start":{},"end":{}}],"line":7},"1":{"loc":{"start":{"line":7,"column":6},"end":{"line":7,"column":59}},"type":"binary-expr","locations":[{"start":{"line":7,"column":6},"end":{"line":7,"column":20}},{"start":{"line":7,"column":24},"end":{"line":7,"column":43}},{"start":{"line":7,"column":47},"end":{"line":7,"column":59}}],"line":7},"2":{"loc":{"start":{"line":8,"column":2},"end":{"line":13,"column":3}},"type":"if","locations":[{"start":{"line":8,"column":2},"end":{"line":13,"column":3}},{"start":{},"end":{}}],"line":8},"3":{"loc":{"start":{"line":19,"column":2},"end":{"line":19,"column":40}},"type":"if","locations":[{"start":{"line":19,"column":2},"end":{"line":19,"column":40}},{"start":{},"end":{}}],"line":19},"4":{"loc":{"start":{"line":32,"column":2},"end":{"line":32,"column":41}},"type":"if","locations":[{"start":{"line":32,"column":2},"end":{"line":32,"column":41}},{"start":{},"end":{}}],"line":32},"5":{"loc":{"start":{"line":33,"column":2},"end":{"line":46,"column":3}},"type":"switch","locations":[{"start":{"line":34,"column":4},"end":{"line":35,"column":41}},{"start":{"line":36,"column":4},"end":{"line":37,"column":41}},{"start":{"line":38,"column":4},"end":{"line":39,"column":39}},{"start":{"line":40,"column":4},"end":{"line":41,"column":42}},{"start":{"line":42,"column":4},"end":{"line":43,"column":35}},{"start":{"line":44,"column":4},"end":{"line":45,"column":51}}],"line":33},"6":{"loc":{"start":{"line":54,"column":2},"end":{"line":89,"column":3}},"type":"switch","locations":[{"start":{"line":55,"column":4},"end":{"line":61,"column":12}},{"start":{"line":62,"column":4},"end":{"line":68,"column":12}},{"start":{"line":69,"column":4},"end":{"line":75,"column":12}},{"start":{"line":76,"column":4},"end":{"line":82,"column":12}},{"start":{"line":83,"column":4},"end":{"line":88,"column":12}}],"line":54}},"s":{"0":0,"1":0,"2":0,"3":0,"4":0,"5":0,"6":0,"7":0,"8":0,"9":0,"10":0,"11":0,"12":0,"13":0,"14":0,"15":0,"16":0,"17":0,"18":0,"19":0,"20":0,"21":0,"22":0,"23":0,"24":0,"25":0,"26":0,"27":0,"28":0,"29":0,"30":0,"31":0,"32":0,"33":0,"34":0,"35":0,"36":0,"37":0,"38":0,"39":0,"40":0},"f":{"0":0,"1":0,"2":0,"3":0,"4":0},"b":{"0":[0,0],"1":[0,0,0],"2":[0,0],"3":[0,0],"4":[0,0],"5":[0,0,0,0,0,0],"6":[0,0,0,0,0]}}
}
